#
# A fatal error has been detected by the Java Runtime Environment:
#
#  EXCEPTION_ACCESS_VIOLATION (0xc0000005) at pc=0x00000000022696ba, pid=3832, tid=6852
#
# JRE version: Java(TM) SE Runtime Environment (8.0_51-b16) (build 1.8.0_51-b16)
# Java VM: Java HotSpot(TM) 64-Bit Server VM (25.51-b03 mixed mode windows-amd64 compressed oops)
# Problematic frame:
# v  ~BufferBlob::jni_fast_GetLongField
#
# Failed to write core dump. Minidumps are not enabled by default on client versions of Windows
#
# If you would like to submit a bug report, please visit:
#   http://bugreport.java.com/bugreport/crash.jsp
# The crash happened outside the Java Virtual Machine in native code.
# See problematic frame for where to report the bug.
#

---------------  T H R E A D  ---------------

Current thread (0x0000000002100800):  JavaThread "main" [_thread_in_native, id=6852, stack(0x0000000001f70000,0x0000000002070000)]

siginfo: ExceptionCode=0xc0000005, reading address 0x0000000000000000

Registers:
RAX=0x0000000000000042, RBX=0x0000000077f00d50, RCX=0x00000000021009f8, RDX=0x0000000000000000
RSP=0x000000000206ee58, RBP=0x000000000206f588, RSI=0x0000000000000001, RDI=0x0000000000000000
R8 =0x0000000000000042, R9 =0x0000000000000000, R10=0x0000000000000004, R11=0x000000000206ee30
R12=0x00000000021009f8, R13=0x000000001405cc70, R14=0x000000000206f5b0, R15=0x0000000002100800
RIP=0x00000000022696ba, EFLAGS=0x0000000000010246

Top of Stack: (sp=0x000000000206ee58)
0x000000000206ee58:   0000000180003a3a 000000000001bc51
0x000000000206ee68:   0000000077f00d50 000000000206f588
0x000000000206ee78:   0000000000000000 0000000000000000
0x000000000206ee88:   0000000000000000 0000000000000000
0x000000000206ee98:   0000000000000000 0000000000000000
0x000000000206eea8:   0000000000000000 0000000000000000
0x000000000206eeb8:   00000000779a26c3 000000000206f000
0x000000000206eec8:   0000000002100800 00000000020f84f0
0x000000000206eed8:   00000000ffffffff 0000000002100800
0x000000000206eee8:   0000000013c673c0 000000000206f2b0
0x000000000206eef8:   0000000077981011 0000000013c673c0
0x000000000206ef08:   000000000206f000 0000000002100800
0x000000000206ef18:   00000000779a26c3 00000000022110e0
0x000000000206ef28:   000000000206f1d8 0000000000000002
0x000000000206ef38:   0000000002100800 0000000013c673c0
0x000000000206ef48:   0000000002100800 00000000022110e0 

Instructions: (pc=0x00000000022696ba)
0x000000000226969a:   00 00 00 00 00 00 44 8b 15 31 16 d0 75 4c 8b ca
0x00000000022696aa:   41 f6 c2 01 0f 85 2e 00 00 00 4d 33 ca 4d 33 ca
0x00000000022696ba:   4d 8b 09 4d 8b d8 49 c1 eb 02 4b 8b 04 19 49 bb
0x00000000022696ca:   d8 ac f6 77 00 00 00 00 4c 33 d8 4c 33 d8 45 3b 


Register to memory mapping:

RAX=0x0000000000000042 is an unknown value
RBX=0x0000000077f00d50 is an unknown value
RCX=0x00000000021009f8 is an unknown value
RDX=0x0000000000000000 is an unknown value
RSP=0x000000000206ee58 is pointing into the stack for thread: 0x0000000002100800
RBP=0x000000000206f588 is pointing into the stack for thread: 0x0000000002100800
RSI=0x0000000000000001 is an unknown value
RDI=0x0000000000000000 is an unknown value
R8 =0x0000000000000042 is an unknown value
R9 =0x0000000000000000 is an unknown value
R10=0x0000000000000004 is an unknown value
R11=0x000000000206ee30 is pointing into the stack for thread: 0x0000000002100800
R12=0x00000000021009f8 is an unknown value
R13={method} {0x000000001405cc78} 'writePacket' '(Ljpcap/packet/Packet;)V' in 'jpcap/JpcapWriter'
R14=0x000000000206f5b0 is pointing into the stack for thread: 0x0000000002100800
R15=0x0000000002100800 is a thread


Stack: [0x0000000001f70000,0x0000000002070000],  sp=0x000000000206ee58,  free space=1019k
Native frames: (J=compiled Java code, j=interpreted, Vv=VM code, C=native code)
C  0x00000000022696ba

Java frames: (J=compiled Java code, j=interpreted, Vv=VM code)
j  jpcap.JpcapWriter.writePacket(Ljpcap/packet/Packet;)V+0
j  jpcap.Jpcap.main([Ljava/lang/String;)V+371
v  ~StubRoutines::call_stub

---------------  P R O C E S S  ---------------

Java Threads: ( => current thread )
  0x000000001460f000 JavaThread "Service Thread" daemon [_thread_blocked, id=3036, stack(0x00000000156f0000,0x00000000157f0000)]
  0x00000000145ac000 JavaThread "C1 CompilerThread1" daemon [_thread_blocked, id=2148, stack(0x00000000155f0000,0x00000000156f0000)]
  0x00000000145a8800 JavaThread "C2 CompilerThread0" daemon [_thread_blocked, id=1408, stack(0x00000000154f0000,0x00000000155f0000)]
  0x00000000145a7000 JavaThread "Attach Listener" daemon [_thread_blocked, id=1184, stack(0x00000000153f0000,0x00000000154f0000)]
  0x00000000145a4000 JavaThread "Signal Dispatcher" daemon [_thread_blocked, id=1468, stack(0x00000000152f0000,0x00000000153f0000)]
  0x00000000021f2000 JavaThread "Finalizer" daemon [_thread_blocked, id=6512, stack(0x00000000151f0000,0x00000000152f0000)]
  0x00000000021e9000 JavaThread "Reference Handler" daemon [_thread_blocked, id=7076, stack(0x00000000150f0000,0x00000000151f0000)]
=>0x0000000002100800 JavaThread "main" [_thread_in_native, id=6852, stack(0x0000000001f70000,0x0000000002070000)]

Other Threads:
  0x0000000014575800 VMThread [stack: 0x0000000014ff0000,0x00000000150f0000] [id=2680]
  0x0000000014613800 WatcherThread [stack: 0x00000000157f0000,0x00000000158f0000] [id=2220]

VM state:not at safepoint (normal execution)

VM Mutex/Monitor currently owned by a thread: None

Heap:
 PSYoungGen      total 18944K, used 1641K [0x00000000eb300000, 0x00000000ec800000, 0x0000000100000000)
  eden space 16384K, 10% used [0x00000000eb300000,0x00000000eb49a680,0x00000000ec300000)
  from space 2560K, 0% used [0x00000000ec580000,0x00000000ec580000,0x00000000ec800000)
  to   space 2560K, 0% used [0x00000000ec300000,0x00000000ec300000,0x00000000ec580000)
 ParOldGen       total 44032K, used 0K [0x00000000c1800000, 0x00000000c4300000, 0x00000000eb300000)
  object space 44032K, 0% used [0x00000000c1800000,0x00000000c1800000,0x00000000c4300000)
 Metaspace       used 3010K, capacity 4610K, committed 4864K, reserved 1056768K
  class space    used 331K, capacity 426K, committed 512K, reserved 1048576K

Card table byte_map: [0x00000000115c0000,0x00000000117c0000] byte_map_base: 0x0000000010fb4000

Marking Bits: (ParMarkBitMap*) 0x0000000077f74040
 Begin Bits: [0x0000000011b10000, 0x0000000012ab0000)
 End Bits:   [0x0000000012ab0000, 0x0000000013a50000)

Polling page: 0x00000000006b0000

CodeCache: size=245760Kb used=1216Kb max_used=1216Kb free=244543Kb
 bounds [0x0000000002200000, 0x0000000002470000, 0x0000000011200000]
 total_blobs=338 nmethods=84 adapters=168
 compilation: enabled

Compilation events (10 events):
Event: 3.452 Thread 0x00000000145ac000   80       3       java.nio.Buffer::remaining (10 bytes)
Event: 3.452 Thread 0x00000000145ac000 nmethod 80 0x000000000232e1d0 code [0x000000000232e320, 0x000000000232e470]
Event: 3.483 Thread 0x00000000145ac000   81   !   3       java.nio.CharBuffer::wrap (20 bytes)
Event: 3.484 Thread 0x00000000145ac000 nmethod 81 0x000000000232e4d0 code [0x000000000232e660, 0x000000000232e9f8]
Event: 3.515 Thread 0x00000000145ac000   82       3       java.io.Writer::write (11 bytes)
Event: 3.515 Thread 0x00000000145ac000 nmethod 82 0x000000000232ec50 code [0x000000000232edc0, 0x000000000232f0c8]
Event: 3.515 Thread 0x00000000145ac000   83   !   3       java.io.BufferedWriter::write (117 bytes)
Event: 3.516 Thread 0x00000000145ac000 nmethod 83 0x000000000232f210 code [0x000000000232f3e0, 0x000000000232fb48]
Event: 3.516 Thread 0x00000000145ac000   84       3       java.io.BufferedWriter::min (9 bytes)
Event: 3.516 Thread 0x00000000145ac000 nmethod 84 0x000000000232ff90 code [0x00000000023300e0, 0x0000000002330270]

GC Heap History (0 events):
No events

Deoptimization events (0 events):
No events

Internal exceptions (3 events):
Event: 0.063 Thread 0x0000000002100800 Exception <a 'java/lang/NoSuchMethodError': Method sun.misc.Unsafe.defineClass(Ljava/lang/String;[BII)Ljava/lang/Class; name or signature does not match> (0x00000000eb30ce18) thrown at [C:\re\workspace\8-2-build-windows-amd64-cygwin\jdk8u51\3951\hotspot\srπZ±\±+∞?
Event: 0.063 Thread 0x0000000002100800 Exception <a 'java/lang/NoSuchMethodError': Method sun.misc.Unsafe.prefetchRead(Ljava/lang/Object;J)V name or signature does not match> (0x00000000eb30d0a8) thrown at [C:\re\workspace\8-2-build-windows-amd64-cygwin\jdk8u51\3951\hotspot\src\share\vm\prims\jê⁄c|_6€?
Event: 0.425 Thread 0x0000000002100800 Exception <a 'java/lang/NoSuchMethodError': setRoutingOption> (0x00000000eb46f3a8) thrown at [C:\re\workspace\8-2-build-windows-amd64-cygwin\jdk8u51\3951\hotspot\src\share\vm\prims\jni.cpp, line 1566]

Events (10 events):
Event: 0.425 loading class java/lang/Throwable$WrappedPrintStream
Event: 0.425 loading class java/lang/Throwable$PrintStreamOrWriter
Event: 0.425 loading class java/lang/Throwable$PrintStreamOrWriter done
Event: 0.425 loading class java/lang/Throwable$WrappedPrintStream done
Event: 0.425 loading class java/util/IdentityHashMap
Event: 0.426 loading class java/util/IdentityHashMap done
Event: 0.426 loading class java/util/IdentityHashMap$KeySet
Event: 0.426 loading class java/util/IdentityHashMap$KeySet done
Event: 0.447 loading class jpcap/JpcapWriter
Event: 0.447 loading class jpcap/JpcapWriter done


Dynamic libraries:
0x00007ff691930000 - 0x00007ff691967000 	C:\Program Files\Java\jdk1.8.0_51\bin\java.exe
0x00007ff839b10000 - 0x00007ff839cd1000 	C:\Windows\SYSTEM32\ntdll.dll
0x00007ff837290000 - 0x00007ff83733d000 	C:\Windows\system32\KERNEL32.DLL
0x00007ff836870000 - 0x00007ff836a4d000 	C:\Windows\system32\KERNELBASE.dll
0x00007ff8371e0000 - 0x00007ff837286000 	C:\Windows\system32\ADVAPI32.dll
0x00007ff837d80000 - 0x00007ff837e1d000 	C:\Windows\system32\msvcrt.dll
0x00007ff837e20000 - 0x00007ff837e7b000 	C:\Windows\system32\sechost.dll
0x00007ff8397c0000 - 0x00007ff8398e6000 	C:\Windows\system32\RPCRT4.dll
0x00007ff837750000 - 0x00007ff83789e000 	C:\Windows\system32\USER32.dll
0x00007ff837bf0000 - 0x00007ff837d76000 	C:\Windows\system32\GDI32.dll
0x00007ff82b4c0000 - 0x00007ff82b734000 	C:\Windows\WinSxS\amd64_microsoft.windows.common-controls_6595b64144ccf1df_6.0.10240.16384_none_f41f7b285750ef43\COMCTL32.dll
0x00007ff839960000 - 0x00007ff839996000 	C:\Windows\system32\IMM32.DLL
0x00007ff837400000 - 0x00007ff83755c000 	C:\Windows\system32\MSCTF.dll
0x00000000501e0000 - 0x00000000502b2000 	C:\Program Files\Java\jdk1.8.0_51\jre\bin\msvcr100.dll
0x0000000077770000 - 0x0000000077ff3000 	C:\Program Files\Java\jdk1.8.0_51\jre\bin\server\jvm.dll
0x00007ff8373f0000 - 0x00007ff8373f8000 	C:\Windows\system32\PSAPI.DLL
0x00007ff82c7d0000 - 0x00007ff82c7d9000 	C:\Windows\SYSTEM32\WSOCK32.dll
0x00007ff8398f0000 - 0x00007ff839959000 	C:\Windows\system32\WS2_32.dll
0x00007ff834b90000 - 0x00007ff834bb3000 	C:\Windows\SYSTEM32\WINMM.dll
0x00007ff8399a0000 - 0x00007ff8399a8000 	C:\Windows\system32\NSI.dll
0x00007ff82d410000 - 0x00007ff82d41a000 	C:\Windows\SYSTEM32\VERSION.dll
0x00007ff834b60000 - 0x00007ff834b8c000 	C:\Windows\SYSTEM32\winmmbase.dll
0x00007ff836a50000 - 0x00007ff836a94000 	C:\Windows\system32\cfgmgr32.dll
0x00007ff834e10000 - 0x00007ff834e37000 	C:\Windows\SYSTEM32\DEVOBJ.dll
0x0000000050190000 - 0x000000005019f000 	C:\Program Files\Java\jdk1.8.0_51\jre\bin\verify.dll
0x0000000050160000 - 0x0000000050189000 	C:\Program Files\Java\jdk1.8.0_51\jre\bin\java.dll
0x0000000050140000 - 0x0000000050156000 	C:\Program Files\Java\jdk1.8.0_51\jre\bin\zip.dll
0x00007ff837e80000 - 0x00007ff8393a2000 	C:\Windows\system32\SHELL32.dll
0x00007ff836b00000 - 0x00007ff837129000 	C:\Windows\system32\windows.storage.dll
0x00007ff837970000 - 0x00007ff837bec000 	C:\Windows\system32\combase.dll
0x00007ff839760000 - 0x00007ff8397b1000 	C:\Windows\system32\shlwapi.dll
0x00007ff836540000 - 0x00007ff83654f000 	C:\Windows\system32\kernel.appcore.dll
0x00007ff8365e0000 - 0x00007ff836693000 	C:\Windows\system32\shcore.dll
0x00007ff836590000 - 0x00007ff8365da000 	C:\Windows\system32\powrprof.dll
0x00007ff836570000 - 0x00007ff836583000 	C:\Windows\system32\profapi.dll
0x0000000180000000 - 0x000000018002d000 	C:\Windows\System32\Jpcap.dll
0x0000000001ea0000 - 0x0000000001f05000 	C:\Windows\SYSTEM32\wpcap.dll
0x00007ff8325c0000 - 0x00007ff8325f8000 	C:\Windows\SYSTEM32\iphlpapi.dll
0x00007ff8325b0000 - 0x00007ff8325bb000 	C:\Windows\SYSTEM32\WINNSI.DLL
0x0000000000720000 - 0x000000000073f000 	C:\Windows\SYSTEM32\packet.dll
0x00007ff8303e0000 - 0x00007ff8303f6000 	C:\Windows\SYSTEM32\dhcpcsvc6.DLL
0x00007ff830640000 - 0x00007ff83065a000 	C:\Windows\SYSTEM32\dhcpcsvc.DLL
0x0000000050120000 - 0x000000005013a000 	C:\Program Files\Java\jdk1.8.0_51\jre\bin\net.dll
0x00007ff835d50000 - 0x00007ff835dad000 	C:\Windows\system32\mswsock.dll
0x00007ff829680000 - 0x00007ff82980a000 	C:\Windows\SYSTEM32\dbghelp.dll

VM Arguments:
jvm_args: -Dfile.encoding=UTF-8 
java_command: jpcap.Jpcap
java_class_path (initial): C:\Windows\Sun\Java\lib\ext\jpcap.jar;C:\Users\home\Documents\NetBeansProjects\jpcap\build\classes
Launcher Type: SUN_STANDARD

Environment Variables:
PATH=C:\ProgramData\Oracle\Java\javapath;C:\Windows\system32;C:\Windows;C:\Windows\System32\Wbem;C:\Windows\System32\WindowsPowerShell\v1.0\
USERNAME=home
OS=Windows_NT
PROCESSOR_IDENTIFIER=Intel64 Family 6 Model 42 Stepping 7, GenuineIntel



---------------  S Y S T E M  ---------------

OS: Windows 10.0 , 64 bit Build 10240 (10.0.10240.16384)

CPU:total 2 (2 cores per cpu, 1 threads per core) family 6 model 42 stepping 7, cmov, cx8, fxsr, mmx, sse, sse2, sse3, ssse3, sse4.1, sse4.2, popcnt, clmul, tsc, tscinvbit

Memory: 4k page, physical 4088172k(1040696k free), swap 4809068k(1111104k free)

vm_info: Java HotSpot(TM) 64-Bit Server VM (25.51-b03) for windows-amd64 JRE (1.8.0_51-b16), built on Jun  8 2015 18:03:07 by "java_re" with MS VC++ 10.0 (VS2010)

time: Sat Aug 29 11:56:29 2015
elapsed time: 3 seconds (0d 0h 0m 3s)

