#
# A fatal error has been detected by the Java Runtime Environment:
#
#  EXCEPTION_ACCESS_VIOLATION (0xc0000005) at pc=0x00000000024096ba, pid=5872, tid=3056
#
# JRE version: Java(TM) SE Runtime Environment (8.0_51-b16) (build 1.8.0_51-b16)
# Java VM: Java HotSpot(TM) 64-Bit Server VM (25.51-b03 mixed mode windows-amd64 compressed oops)
# Problematic frame:
# v  ~BufferBlob::jni_fast_GetLongField
#
# Failed to write core dump. Minidumps are not enabled by default on client versions of Windows
#
# If you would like to submit a bug report, please visit:
#   http://bugreport.java.com/bugreport/crash.jsp
# The crash happened outside the Java Virtual Machine in native code.
# See problematic frame for where to report the bug.
#

---------------  T H R E A D  ---------------

Current thread (0x00000000022a0800):  JavaThread "main" [_thread_in_native, id=3056, stack(0x0000000002100000,0x0000000002200000)]

siginfo: ExceptionCode=0xc0000005, reading address 0x0000000000000000

Registers:
RAX=0x0000000000000042, RBX=0x0000000060640d50, RCX=0x00000000022a09f8, RDX=0x0000000000000000
RSP=0x00000000021fee88, RBP=0x00000000021ff5b8, RSI=0x0000000000200021, RDI=0x0000000000000000
R8 =0x0000000000000042, R9 =0x0000000000000000, R10=0x0000000000000000, R11=0x00000000021fee60
R12=0x00000000022a09f8, R13=0x00000000141fbc50, R14=0x00000000021ff5e0, R15=0x00000000022a0800
RIP=0x00000000024096ba, EFLAGS=0x0000000000010246

Top of Stack: (sp=0x00000000021fee88)
0x00000000021fee88:   0000000180003a3a 000000000001bc51
0x00000000021fee98:   0000000060640d50 00000000021ff5b8
0x00000000021feea8:   0000000000000036 00000000021fef06
0x00000000021feeb8:   00000000021feeb8 000c3fba55dc0a8f
0x00000000021feec8:   0000003600000036 d24896062fc2b530
0x00000000021feed8:   00450008b03b3524 06800040c0482800
0x00000000021feee8:   7d4a6700a8c0f661 b2fbbb01d3c78d44
0x00000000021feef8:   1050d8f714227c41 00000000103e0001
0x00000000021fef08:   00000000eb41eb90 00000000eb41e9d8
0x00000000021fef18:   0000000000000000 0000000000000000
0x00000000021fef28:   0000000000000000 0000000000000000
0x00000000021fef38:   0000000000000000 0000000000000000
0x00000000021fef48:   0000000000000000 0000000000000000
0x00000000021fef58:   0000000000000000 0000000000000000
0x00000000021fef68:   0000000000000000 0000000000000000
0x00000000021fef78:   0000000000000000 0000000000000000 

Instructions: (pc=0x00000000024096ba)
0x000000000240969a:   00 00 00 00 00 00 44 8b 15 31 16 2a 5e 4c 8b ca
0x00000000024096aa:   41 f6 c2 01 0f 85 2e 00 00 00 4d 33 ca 4d 33 ca
0x00000000024096ba:   4d 8b 09 4d 8b d8 49 c1 eb 02 4b 8b 04 19 49 bb
0x00000000024096ca:   d8 ac 6a 60 00 00 00 00 4c 33 d8 4c 33 d8 45 3b 


Register to memory mapping:

RAX=0x0000000000000042 is an unknown value
RBX=0x0000000060640d50 is an unknown value
RCX=0x00000000022a09f8 is an unknown value
RDX=0x0000000000000000 is an unknown value
RSP=0x00000000021fee88 is pointing into the stack for thread: 0x00000000022a0800
RBP=0x00000000021ff5b8 is pointing into the stack for thread: 0x00000000022a0800
RSI=0x0000000000200021 is an unknown value
RDI=0x0000000000000000 is an unknown value
R8 =0x0000000000000042 is an unknown value
R9 =0x0000000000000000 is an unknown value
R10=0x0000000000000000 is an unknown value
R11=0x00000000021fee60 is pointing into the stack for thread: 0x00000000022a0800
R12=0x00000000022a09f8 is an unknown value
R13={method} {0x00000000141fbc58} 'writePacket' '(Ljpcap/packet/Packet;)V' in 'jpcap/JpcapWriter'
R14=0x00000000021ff5e0 is pointing into the stack for thread: 0x00000000022a0800
R15=0x00000000022a0800 is a thread


Stack: [0x0000000002100000,0x0000000002200000],  sp=0x00000000021fee88,  free space=1019k
Native frames: (J=compiled Java code, j=interpreted, Vv=VM code, C=native code)
C  0x00000000024096ba

Java frames: (J=compiled Java code, j=interpreted, Vv=VM code)
j  jpcap.JpcapWriter.writePacket(Ljpcap/packet/Packet;)V+0
j  jpcap.JSniffer1.main([Ljava/lang/String;)V+135
v  ~StubRoutines::call_stub

---------------  P R O C E S S  ---------------

Java Threads: ( => current thread )
  0x00000000147c5800 JavaThread "Service Thread" daemon [_thread_blocked, id=296, stack(0x0000000015880000,0x0000000015980000)]
  0x0000000014797800 JavaThread "C1 CompilerThread1" daemon [_thread_blocked, id=4364, stack(0x0000000015780000,0x0000000015880000)]
  0x0000000014748800 JavaThread "C2 CompilerThread0" daemon [_thread_blocked, id=2320, stack(0x0000000015680000,0x0000000015780000)]
  0x0000000014747000 JavaThread "Attach Listener" daemon [_thread_blocked, id=5948, stack(0x0000000015580000,0x0000000015680000)]
  0x0000000014743800 JavaThread "Signal Dispatcher" daemon [_thread_blocked, id=2492, stack(0x0000000015480000,0x0000000015580000)]
  0x0000000002392000 JavaThread "Finalizer" daemon [_thread_blocked, id=3572, stack(0x0000000015380000,0x0000000015480000)]
  0x000000000238a000 JavaThread "Reference Handler" daemon [_thread_blocked, id=4400, stack(0x0000000015280000,0x0000000015380000)]
=>0x00000000022a0800 JavaThread "main" [_thread_in_native, id=3056, stack(0x0000000002100000,0x0000000002200000)]

Other Threads:
  0x0000000014715800 VMThread [stack: 0x0000000015180000,0x0000000015280000] [id=1376]
  0x00000000147c8000 WatcherThread [stack: 0x0000000015980000,0x0000000015a80000] [id=4300]

VM state:not at safepoint (normal execution)

VM Mutex/Monitor currently owned by a thread: None

Heap:
 PSYoungGen      total 18944K, used 1313K [0x00000000eb300000, 0x00000000ec800000, 0x0000000100000000)
  eden space 16384K, 8% used [0x00000000eb300000,0x00000000eb448718,0x00000000ec300000)
  from space 2560K, 0% used [0x00000000ec580000,0x00000000ec580000,0x00000000ec800000)
  to   space 2560K, 0% used [0x00000000ec300000,0x00000000ec300000,0x00000000ec580000)
 ParOldGen       total 44032K, used 0K [0x00000000c1800000, 0x00000000c4300000, 0x00000000eb300000)
  object space 44032K, 0% used [0x00000000c1800000,0x00000000c1800000,0x00000000c4300000)
 Metaspace       used 2993K, capacity 4606K, committed 4864K, reserved 1056768K
  class space    used 331K, capacity 426K, committed 512K, reserved 1048576K

Card table byte_map: [0x0000000011760000,0x0000000011960000] byte_map_base: 0x0000000011154000

Marking Bits: (ParMarkBitMap*) 0x00000000606b4040
 Begin Bits: [0x0000000011cb0000, 0x0000000012c50000)
 End Bits:   [0x0000000012c50000, 0x0000000013bf0000)

Polling page: 0x0000000000680000

CodeCache: size=245760Kb used=1168Kb max_used=1168Kb free=244591Kb
 bounds [0x00000000023a0000, 0x0000000002610000, 0x00000000113a0000]
 total_blobs=309 nmethods=55 adapters=168
 compilation: enabled

Compilation events (10 events):
Event: 0.511 Thread 0x0000000014797800   51       1       java.net.URL::getHost (5 bytes)
Event: 0.511 Thread 0x0000000014797800 nmethod 51 0x00000000024c33d0 code [0x00000000024c3520, 0x00000000024c3630]
Event: 0.515 Thread 0x0000000014797800   52       1       java.nio.Buffer::position (5 bytes)
Event: 0.515 Thread 0x0000000014797800 nmethod 52 0x00000000024c3690 code [0x00000000024c37e0, 0x00000000024c38f0]
Event: 0.528 Thread 0x0000000014797800   53       3       java.lang.Character::toLowerCase (6 bytes)
Event: 0.528 Thread 0x0000000014797800 nmethod 53 0x00000000024c3950 code [0x00000000024c3ac0, 0x00000000024c3d58]
Event: 0.529 Thread 0x0000000014797800   54       1       java.lang.String::length (6 bytes)
Event: 0.529 Thread 0x0000000014797800 nmethod 54 0x00000000024c3e90 code [0x00000000024c3fe0, 0x00000000024c40f0]
Event: 0.529 Thread 0x0000000014797800   55       1       java.io.File::getPath (5 bytes)
Event: 0.529 Thread 0x0000000014797800 nmethod 55 0x00000000024c4190 code [0x00000000024c42e0, 0x00000000024c43f0]

GC Heap History (0 events):
No events

Deoptimization events (0 events):
No events

Internal exceptions (3 events):
Event: 0.134 Thread 0x00000000022a0800 Exception <a 'java/lang/NoSuchMethodError': Method sun.misc.Unsafe.defineClass(Ljava/lang/String;[BII)Ljava/lang/Class; name or signature does not match> (0x00000000eb30d0d8) thrown at [C:\re\workspace\8-2-build-windows-amd64-cygwin\jdk8u51\3951\hotspot\sr¹dû¦)Á?
Event: 0.134 Thread 0x00000000022a0800 Exception <a 'java/lang/NoSuchMethodError': Method sun.misc.Unsafe.prefetchRead(Ljava/lang/Object;J)V name or signature does not match> (0x00000000eb30d368) thrown at [C:\re\workspace\8-2-build-windows-amd64-cygwin\jdk8u51\3951\hotspot\src\share\vm\prims\j?J³BÕWà?
Event: 0.511 Thread 0x00000000022a0800 Exception <a 'java/lang/NoSuchMethodError': setRoutingOption> (0x00000000eb418af0) thrown at [C:\re\workspace\8-2-build-windows-amd64-cygwin\jdk8u51\3951\hotspot\src\share\vm\prims\jni.cpp, line 1566]

Events (10 events):
Event: 0.511 loading class java/lang/Throwable$WrappedPrintStream
Event: 0.511 loading class java/lang/Throwable$PrintStreamOrWriter
Event: 0.511 loading class java/lang/Throwable$PrintStreamOrWriter done
Event: 0.511 loading class java/lang/Throwable$WrappedPrintStream done
Event: 0.511 loading class java/util/IdentityHashMap
Event: 0.511 loading class java/util/IdentityHashMap done
Event: 0.512 loading class java/util/IdentityHashMap$KeySet
Event: 0.512 loading class java/util/IdentityHashMap$KeySet done
Event: 0.527 loading class jpcap/JpcapWriter
Event: 0.527 loading class jpcap/JpcapWriter done


Dynamic libraries:
0x00007ff7e20e0000 - 0x00007ff7e2117000 	C:\Program Files\Java\jdk1.8.0_51\bin\java.exe
0x00007ffc380e0000 - 0x00007ffc382a1000 	C:\Windows\SYSTEM32\ntdll.dll
0x00007ffc37b30000 - 0x00007ffc37bdd000 	C:\Windows\system32\KERNEL32.DLL
0x00007ffc34bb0000 - 0x00007ffc34d8d000 	C:\Windows\system32\KERNELBASE.dll
0x00007ffc36260000 - 0x00007ffc36306000 	C:\Windows\system32\ADVAPI32.dll
0x00007ffc37cb0000 - 0x00007ffc37d4d000 	C:\Windows\system32\msvcrt.dll
0x00007ffc360d0000 - 0x00007ffc3612b000 	C:\Windows\system32\sechost.dll
0x00007ffc36130000 - 0x00007ffc36256000 	C:\Windows\system32\RPCRT4.dll
0x00007ffc357b0000 - 0x00007ffc358fe000 	C:\Windows\system32\USER32.dll
0x00007ffc35c60000 - 0x00007ffc35de6000 	C:\Windows\system32\GDI32.dll
0x00007ffc28d60000 - 0x00007ffc28fd4000 	C:\Windows\WinSxS\amd64_microsoft.windows.common-controls_6595b64144ccf1df_6.0.10240.16384_none_f41f7b285750ef43\COMCTL32.dll
0x00007ffc35df0000 - 0x00007ffc35e26000 	C:\Windows\system32\IMM32.DLL
0x00007ffc379c0000 - 0x00007ffc37b1c000 	C:\Windows\system32\MSCTF.dll
0x000000005fc70000 - 0x000000005fd42000 	C:\Program Files\Java\jdk1.8.0_51\jre\bin\msvcr100.dll
0x000000005feb0000 - 0x0000000060733000 	C:\Program Files\Java\jdk1.8.0_51\jre\bin\server\jvm.dll
0x00007ffc37b20000 - 0x00007ffc37b28000 	C:\Windows\system32\PSAPI.DLL
0x00007ffc295c0000 - 0x00007ffc295c9000 	C:\Windows\SYSTEM32\WSOCK32.dll
0x00007ffc33160000 - 0x00007ffc33183000 	C:\Windows\SYSTEM32\WINMM.dll
0x00007ffc36060000 - 0x00007ffc360c9000 	C:\Windows\system32\WS2_32.dll
0x00007ffc37860000 - 0x00007ffc37868000 	C:\Windows\system32\NSI.dll
0x00007ffc2bbb0000 - 0x00007ffc2bbba000 	C:\Windows\SYSTEM32\VERSION.dll
0x00007ffc33130000 - 0x00007ffc3315c000 	C:\Windows\SYSTEM32\WINMMBASE.dll
0x00007ffc356b0000 - 0x00007ffc356f4000 	C:\Windows\system32\cfgmgr32.dll
0x00007ffc333e0000 - 0x00007ffc33407000 	C:\Windows\SYSTEM32\DEVOBJ.dll
0x000000005fc20000 - 0x000000005fc2f000 	C:\Program Files\Java\jdk1.8.0_51\jre\bin\verify.dll
0x000000005fbf0000 - 0x000000005fc19000 	C:\Program Files\Java\jdk1.8.0_51\jre\bin\java.dll
0x000000005fbd0000 - 0x000000005fbe6000 	C:\Program Files\Java\jdk1.8.0_51\jre\bin\zip.dll
0x00007ffc36310000 - 0x00007ffc37832000 	C:\Windows\system32\SHELL32.dll
0x00007ffc34d90000 - 0x00007ffc353b9000 	C:\Windows\system32\windows.storage.dll
0x00007ffc359e0000 - 0x00007ffc35c5c000 	C:\Windows\system32\combase.dll
0x00007ffc37be0000 - 0x00007ffc37c31000 	C:\Windows\system32\shlwapi.dll
0x00007ffc34b80000 - 0x00007ffc34b8f000 	C:\Windows\system32\kernel.appcore.dll
0x00007ffc35590000 - 0x00007ffc35643000 	C:\Windows\system32\shcore.dll
0x00007ffc34b30000 - 0x00007ffc34b7a000 	C:\Windows\system32\powrprof.dll
0x00007ffc34b10000 - 0x00007ffc34b23000 	C:\Windows\system32\profapi.dll
0x0000000180000000 - 0x000000018002d000 	C:\Windows\System32\Jpcap.dll
0x0000000002210000 - 0x0000000002275000 	C:\Windows\SYSTEM32\wpcap.dll
0x00007ffc30cf0000 - 0x00007ffc30d28000 	C:\Windows\SYSTEM32\iphlpapi.dll
0x00007ffc30ce0000 - 0x00007ffc30ceb000 	C:\Windows\SYSTEM32\WINNSI.DLL
0x0000000015e80000 - 0x0000000015e9f000 	C:\Windows\SYSTEM32\packet.dll
0x00007ffc2eb50000 - 0x00007ffc2eb66000 	C:\Windows\SYSTEM32\dhcpcsvc6.DLL
0x00007ffc2ed50000 - 0x00007ffc2ed6a000 	C:\Windows\SYSTEM32\dhcpcsvc.DLL
0x000000005fbb0000 - 0x000000005fbca000 	C:\Program Files\Java\jdk1.8.0_51\jre\bin\net.dll
0x00007ffc34320000 - 0x00007ffc3437d000 	C:\Windows\system32\mswsock.dll
0x00007ffc260c0000 - 0x00007ffc2624a000 	C:\Windows\SYSTEM32\dbghelp.dll

VM Arguments:
jvm_args: -Dfile.encoding=UTF-8 
java_command: jpcap.JSniffer1
java_class_path (initial): C:\Windows\Sun\Java\lib\ext\jpcap.jar;C:\Users\home\Documents\NetBeansProjects\jpcap\build\classes
Launcher Type: SUN_STANDARD

Environment Variables:
PATH=C:\ProgramData\Oracle\Java\javapath;C:\Windows\system32;C:\Windows;C:\Windows\System32\Wbem;C:\Windows\System32\WindowsPowerShell\v1.0\
USERNAME=home
OS=Windows_NT
PROCESSOR_IDENTIFIER=Intel64 Family 6 Model 42 Stepping 7, GenuineIntel



---------------  S Y S T E M  ---------------

OS: Windows 10.0 , 64 bit Build 10240 (10.0.10240.16384)

CPU:total 2 (2 cores per cpu, 1 threads per core) family 6 model 42 stepping 7, cmov, cx8, fxsr, mmx, sse, sse2, sse3, ssse3, sse4.1, sse4.2, popcnt, clmul, tsc, tscinvbit

Memory: 4k page, physical 4088172k(962436k free), swap 4809068k(896192k free)

vm_info: Java HotSpot(TM) 64-Bit Server VM (25.51-b03) for windows-amd64 JRE (1.8.0_51-b16), built on Jun  8 2015 18:03:07 by "java_re" with MS VC++ 10.0 (VS2010)

time: Tue Aug 25 12:11:24 2015
elapsed time: 0 seconds (0d 0h 0m 0s)

