#
# A fatal error has been detected by the Java Runtime Environment:
#
#  EXCEPTION_ACCESS_VIOLATION (0xc0000005) at pc=0x00000000029c96ba, pid=5924, tid=1392
#
# JRE version: Java(TM) SE Runtime Environment (8.0_51-b16) (build 1.8.0_51-b16)
# Java VM: Java HotSpot(TM) 64-Bit Server VM (25.51-b03 mixed mode windows-amd64 compressed oops)
# Problematic frame:
# v  ~BufferBlob::jni_fast_GetLongField
#
# Failed to write core dump. Minidumps are not enabled by default on client versions of Windows
#
# If you would like to submit a bug report, please visit:
#   http://bugreport.java.com/bugreport/crash.jsp
# The crash happened outside the Java Virtual Machine in native code.
# See problematic frame for where to report the bug.
#

---------------  T H R E A D  ---------------

Current thread (0x0000000002860800):  JavaThread "main" [_thread_in_native, id=1392, stack(0x0000000002570000,0x0000000002670000)]

siginfo: ExceptionCode=0xc0000005, reading address 0x0000000000000000

Registers:
RAX=0x0000000000000042, RBX=0x000000006cd90d50, RCX=0x00000000028609f8, RDX=0x0000000000000000
RSP=0x000000000266eda8, RBP=0x000000000266f4d8, RSI=0x0000000000000001, RDI=0x0000000000000000
R8 =0x0000000000000042, R9 =0x0000000000000000, R10=0x0000000000000004, R11=0x000000000266ed80
R12=0x00000000028609f8, R13=0x00000000147bbc70, R14=0x000000000266f500, R15=0x0000000002860800
RIP=0x00000000029c96ba, EFLAGS=0x0000000000010246

Top of Stack: (sp=0x000000000266eda8)
0x000000000266eda8:   0000000180003a3a 000000000001bc51
0x000000000266edb8:   000000006cd90d50 000000000266f4d8
0x000000000266edc8:   0000000000000000 0000000000000000
0x000000000266edd8:   0000000000000000 0000000000000000
0x000000000266ede8:   0000000000000000 0000000000000000
0x000000000266edf8:   0000000000000000 0000000000000000
0x000000000266ee08:   000000006c8326c3 000000000266ef50
0x000000000266ee18:   0000000002860800 0000000002758160
0x000000000266ee28:   00000000ffffffff 0000000002860800
0x000000000266ee38:   00000000143c73c0 000000000266f200
0x000000000266ee48:   000000006c811011 00000000143c73c0
0x000000000266ee58:   000000000266ef50 0000000002860800
0x000000000266ee68:   000000006c8326c3 00000000029710e0
0x000000000266ee78:   000000000266f128 0000000000000002
0x000000000266ee88:   0000000002860800 00000000143c73c0
0x000000000266ee98:   0000000002860800 00000000029710e0 

Instructions: (pc=0x00000000029c96ba)
0x00000000029c969a:   00 00 00 00 00 00 44 8b 15 31 16 43 6a 4c 8b ca
0x00000000029c96aa:   41 f6 c2 01 0f 85 2e 00 00 00 4d 33 ca 4d 33 ca
0x00000000029c96ba:   4d 8b 09 4d 8b d8 49 c1 eb 02 4b 8b 04 19 49 bb
0x00000000029c96ca:   d8 ac df 6c 00 00 00 00 4c 33 d8 4c 33 d8 45 3b 


Register to memory mapping:

RAX=0x0000000000000042 is an unknown value
RBX=0x000000006cd90d50 is an unknown value
RCX=0x00000000028609f8 is an unknown value
RDX=0x0000000000000000 is an unknown value
RSP=0x000000000266eda8 is pointing into the stack for thread: 0x0000000002860800
RBP=0x000000000266f4d8 is pointing into the stack for thread: 0x0000000002860800
RSI=0x0000000000000001 is an unknown value
RDI=0x0000000000000000 is an unknown value
R8 =0x0000000000000042 is an unknown value
R9 =0x0000000000000000 is an unknown value
R10=0x0000000000000004 is an unknown value
R11=0x000000000266ed80 is pointing into the stack for thread: 0x0000000002860800
R12=0x00000000028609f8 is an unknown value
R13={method} {0x00000000147bbc78} 'writePacket' '(Ljpcap/packet/Packet;)V' in 'jpcap/JpcapWriter'
R14=0x000000000266f500 is pointing into the stack for thread: 0x0000000002860800
R15=0x0000000002860800 is a thread


Stack: [0x0000000002570000,0x0000000002670000],  sp=0x000000000266eda8,  free space=1019k
Native frames: (J=compiled Java code, j=interpreted, Vv=VM code, C=native code)
C  0x00000000029c96ba

Java frames: (J=compiled Java code, j=interpreted, Vv=VM code)
j  jpcap.JpcapWriter.writePacket(Ljpcap/packet/Packet;)V+0
j  jpcap.Jpcap.main([Ljava/lang/String;)V+371
v  ~StubRoutines::call_stub

---------------  P R O C E S S  ---------------

Java Threads: ( => current thread )
  0x0000000014d81000 JavaThread "Service Thread" daemon [_thread_blocked, id=3744, stack(0x0000000015e50000,0x0000000015f50000)]
  0x0000000014d0b800 JavaThread "C1 CompilerThread1" daemon [_thread_blocked, id=4176, stack(0x0000000015d50000,0x0000000015e50000)]
  0x0000000014d08800 JavaThread "C2 CompilerThread0" daemon [_thread_blocked, id=4504, stack(0x0000000015c50000,0x0000000015d50000)]
  0x0000000014d07000 JavaThread "Attach Listener" daemon [_thread_blocked, id=4108, stack(0x0000000015b50000,0x0000000015c50000)]
  0x0000000014d04000 JavaThread "Signal Dispatcher" daemon [_thread_blocked, id=2304, stack(0x0000000015a50000,0x0000000015b50000)]
  0x0000000002952000 JavaThread "Finalizer" daemon [_thread_blocked, id=3148, stack(0x0000000015950000,0x0000000015a50000)]
  0x0000000002949000 JavaThread "Reference Handler" daemon [_thread_blocked, id=5496, stack(0x0000000015850000,0x0000000015950000)]
=>0x0000000002860800 JavaThread "main" [_thread_in_native, id=1392, stack(0x0000000002570000,0x0000000002670000)]

Other Threads:
  0x0000000014cd5800 VMThread [stack: 0x0000000015750000,0x0000000015850000] [id=4376]
  0x0000000014d1d000 WatcherThread [stack: 0x0000000015f50000,0x0000000016050000] [id=5184]

VM state:not at safepoint (normal execution)

VM Mutex/Monitor currently owned by a thread: None

Heap:
 PSYoungGen      total 18944K, used 1641K [0x00000000eb300000, 0x00000000ec800000, 0x0000000100000000)
  eden space 16384K, 10% used [0x00000000eb300000,0x00000000eb49a758,0x00000000ec300000)
  from space 2560K, 0% used [0x00000000ec580000,0x00000000ec580000,0x00000000ec800000)
  to   space 2560K, 0% used [0x00000000ec300000,0x00000000ec300000,0x00000000ec580000)
 ParOldGen       total 44032K, used 0K [0x00000000c1800000, 0x00000000c4300000, 0x00000000eb300000)
  object space 44032K, 0% used [0x00000000c1800000,0x00000000c1800000,0x00000000c4300000)
 Metaspace       used 3009K, capacity 4606K, committed 4864K, reserved 1056768K
  class space    used 331K, capacity 426K, committed 512K, reserved 1048576K

Card table byte_map: [0x0000000011d20000,0x0000000011f20000] byte_map_base: 0x0000000011714000

Marking Bits: (ParMarkBitMap*) 0x000000006ce04040
 Begin Bits: [0x0000000012270000, 0x0000000013210000)
 End Bits:   [0x0000000013210000, 0x00000000141b0000)

Polling page: 0x0000000000dd0000

CodeCache: size=245760Kb used=1218Kb max_used=1218Kb free=244542Kb
 bounds [0x0000000002960000, 0x0000000002bd0000, 0x0000000011960000]
 total_blobs=338 nmethods=84 adapters=168
 compilation: enabled

Compilation events (10 events):
Event: 3.513 Thread 0x0000000014d0b800   80   !   3       java.nio.CharBuffer::wrap (20 bytes)
Event: 3.514 Thread 0x0000000014d0b800 nmethod 80 0x0000000002a8e6d0 code [0x0000000002a8e860, 0x0000000002a8ebf8]
Event: 3.514 Thread 0x0000000014d0b800   81       3       java.nio.HeapCharBuffer::<init> (14 bytes)
Event: 3.515 Thread 0x0000000014d0b800 nmethod 81 0x0000000002a8ee50 code [0x0000000002a8efc0, 0x0000000002a8f208]
Event: 3.545 Thread 0x0000000014d0b800   82       3       java.io.Writer::write (11 bytes)
Event: 3.546 Thread 0x0000000014d0b800 nmethod 82 0x0000000002a8f350 code [0x0000000002a8f4c0, 0x0000000002a8f7c8]
Event: 3.546 Thread 0x0000000014d0b800   83   !   3       java.io.BufferedWriter::write (117 bytes)
Event: 3.547 Thread 0x0000000014d0b800 nmethod 83 0x0000000002a8f910 code [0x0000000002a8fae0, 0x0000000002a90248]
Event: 3.547 Thread 0x0000000014d0b800   84       3       java.io.BufferedWriter::min (9 bytes)
Event: 3.547 Thread 0x0000000014d0b800 nmethod 84 0x0000000002a90690 code [0x0000000002a907e0, 0x0000000002a90970]

GC Heap History (0 events):
No events

Deoptimization events (0 events):
No events

Internal exceptions (3 events):
Event: 0.062 Thread 0x0000000002860800 Exception <a 'java/lang/NoSuchMethodError': Method sun.misc.Unsafe.defineClass(Ljava/lang/String;[BII)Ljava/lang/Class; name or signature does not match> (0x00000000eb30cf50) thrown at [C:\re\workspace\8-2-build-windows-amd64-cygwin\jdk8u51\3951\hotspot\srŸ›íÕ(˜¯?
Event: 0.062 Thread 0x0000000002860800 Exception <a 'java/lang/NoSuchMethodError': Method sun.misc.Unsafe.prefetchRead(Ljava/lang/Object;J)V name or signature does not match> (0x00000000eb30d1e0) thrown at [C:\re\workspace\8-2-build-windows-amd64-cygwin\jdk8u51\3951\hotspot\src\share\vm\prims\j ¯›Ú?
Event: 0.407 Thread 0x0000000002860800 Exception <a 'java/lang/NoSuchMethodError': setRoutingOption> (0x00000000eb46e400) thrown at [C:\re\workspace\8-2-build-windows-amd64-cygwin\jdk8u51\3951\hotspot\src\share\vm\prims\jni.cpp, line 1566]

Events (10 events):
Event: 0.407 loading class java/lang/Throwable$WrappedPrintStream
Event: 0.407 loading class java/lang/Throwable$PrintStreamOrWriter
Event: 0.408 loading class java/lang/Throwable$PrintStreamOrWriter done
Event: 0.408 loading class java/lang/Throwable$WrappedPrintStream done
Event: 0.408 loading class java/util/IdentityHashMap
Event: 0.408 loading class java/util/IdentityHashMap done
Event: 0.408 loading class java/util/IdentityHashMap$KeySet
Event: 0.408 loading class java/util/IdentityHashMap$KeySet done
Event: 0.423 loading class jpcap/JpcapWriter
Event: 0.423 loading class jpcap/JpcapWriter done


Dynamic libraries:
0x00007ff7999c0000 - 0x00007ff7999f7000 	C:\Program Files\Java\jdk1.8.0_51\bin\java.exe
0x00007ffc0e7a0000 - 0x00007ffc0e961000 	C:\Windows\SYSTEM32\ntdll.dll
0x00007ffc0cb00000 - 0x00007ffc0cbad000 	C:\Windows\system32\KERNEL32.DLL
0x00007ffc0b320000 - 0x00007ffc0b4fd000 	C:\Windows\system32\KERNELBASE.dll
0x00007ffc0e4f0000 - 0x00007ffc0e596000 	C:\Windows\system32\ADVAPI32.dll
0x00007ffc0e700000 - 0x00007ffc0e79d000 	C:\Windows\system32\msvcrt.dll
0x00007ffc0e2f0000 - 0x00007ffc0e34b000 	C:\Windows\system32\sechost.dll
0x00007ffc0be80000 - 0x00007ffc0bfa6000 	C:\Windows\system32\RPCRT4.dll
0x00007ffc0c490000 - 0x00007ffc0c5de000 	C:\Windows\system32\USER32.dll
0x00007ffc0e0f0000 - 0x00007ffc0e276000 	C:\Windows\system32\GDI32.dll
0x00007ffc02750000 - 0x00007ffc029c4000 	C:\Windows\WinSxS\amd64_microsoft.windows.common-controls_6595b64144ccf1df_6.0.10240.16384_none_f41f7b285750ef43\COMCTL32.dll
0x00007ffc0c380000 - 0x00007ffc0c3b6000 	C:\Windows\system32\IMM32.DLL
0x00007ffc0e5a0000 - 0x00007ffc0e6fc000 	C:\Windows\system32\MSCTF.dll
0x000000006c520000 - 0x000000006c5f2000 	C:\Program Files\Java\jdk1.8.0_51\jre\bin\msvcr100.dll
0x000000006c600000 - 0x000000006ce83000 	C:\Program Files\Java\jdk1.8.0_51\jre\bin\server\jvm.dll
0x00007ffc0be70000 - 0x00007ffc0be78000 	C:\Windows\system32\PSAPI.DLL
0x00007ffc03f60000 - 0x00007ffc03f69000 	C:\Windows\SYSTEM32\WSOCK32.dll
0x00007ffc0e480000 - 0x00007ffc0e4e9000 	C:\Windows\system32\WS2_32.dll
0x00007ffc0cbb0000 - 0x00007ffc0cbb8000 	C:\Windows\system32\NSI.dll
0x00007ffc09470000 - 0x00007ffc09493000 	C:\Windows\SYSTEM32\WINMM.dll
0x00007ffc02450000 - 0x00007ffc0245a000 	C:\Windows\SYSTEM32\VERSION.dll
0x00007ffc09250000 - 0x00007ffc0927c000 	C:\Windows\SYSTEM32\WINMMBASE.dll
0x00007ffc0b5c0000 - 0x00007ffc0b604000 	C:\Windows\system32\cfgmgr32.dll
0x00007ffc09aa0000 - 0x00007ffc09ac7000 	C:\Windows\SYSTEM32\DEVOBJ.dll
0x000000006c4d0000 - 0x000000006c4df000 	C:\Program Files\Java\jdk1.8.0_51\jre\bin\verify.dll
0x000000006c4a0000 - 0x000000006c4c9000 	C:\Program Files\Java\jdk1.8.0_51\jre\bin\java.dll
0x000000006c480000 - 0x000000006c496000 	C:\Program Files\Java\jdk1.8.0_51\jre\bin\zip.dll
0x00007ffc0cbc0000 - 0x00007ffc0e0e2000 	C:\Windows\system32\SHELL32.dll
0x00007ffc0b670000 - 0x00007ffc0bc99000 	C:\Windows\system32\windows.storage.dll
0x00007ffc0bfb0000 - 0x00007ffc0c22c000 	C:\Windows\system32\combase.dll
0x00007ffc0e280000 - 0x00007ffc0e2d1000 	C:\Windows\system32\shlwapi.dll
0x00007ffc0b1d0000 - 0x00007ffc0b1df000 	C:\Windows\system32\kernel.appcore.dll
0x00007ffc0b500000 - 0x00007ffc0b5b3000 	C:\Windows\system32\shcore.dll
0x00007ffc0b220000 - 0x00007ffc0b26a000 	C:\Windows\system32\powrprof.dll
0x00007ffc0b1e0000 - 0x00007ffc0b1f3000 	C:\Windows\system32\profapi.dll
0x0000000180000000 - 0x000000018002d000 	C:\Windows\System32\Jpcap.dll
0x00007ffc07370000 - 0x00007ffc073a8000 	C:\Windows\SYSTEM32\iphlpapi.dll
0x0000000002670000 - 0x00000000026d5000 	C:\Windows\SYSTEM32\wpcap.dll
0x00007ffc07360000 - 0x00007ffc0736b000 	C:\Windows\SYSTEM32\WINNSI.DLL
0x00000000026f0000 - 0x000000000270f000 	C:\Windows\SYSTEM32\packet.dll
0x00007ffc05000000 - 0x00007ffc05016000 	C:\Windows\SYSTEM32\dhcpcsvc6.DLL
0x00007ffc05240000 - 0x00007ffc0525a000 	C:\Windows\SYSTEM32\dhcpcsvc.DLL
0x000000006c460000 - 0x000000006c47a000 	C:\Program Files\Java\jdk1.8.0_51\jre\bin\net.dll
0x00007ffc0a9e0000 - 0x00007ffc0aa3d000 	C:\Windows\system32\mswsock.dll
0x00007ffbfca90000 - 0x00007ffbfcc1a000 	C:\Windows\SYSTEM32\dbghelp.dll

VM Arguments:
jvm_args: -Dfile.encoding=UTF-8 
java_command: jpcap.Jpcap
java_class_path (initial): C:\Windows\Sun\Java\lib\ext\jpcap.jar;C:\Users\home\Documents\NetBeansProjects\jpcap\build\classes
Launcher Type: SUN_STANDARD

Environment Variables:
PATH=C:\ProgramData\Oracle\Java\javapath;C:\Windows\system32;C:\Windows;C:\Windows\System32\Wbem;C:\Windows\System32\WindowsPowerShell\v1.0\
USERNAME=home
OS=Windows_NT
PROCESSOR_IDENTIFIER=Intel64 Family 6 Model 42 Stepping 7, GenuineIntel



---------------  S Y S T E M  ---------------

OS: Windows 10.0 , 64 bit Build 10240 (10.0.10240.16384)

CPU:total 2 (2 cores per cpu, 1 threads per core) family 6 model 42 stepping 7, cmov, cx8, fxsr, mmx, sse, sse2, sse3, ssse3, sse4.1, sse4.2, popcnt, clmul, tsc, tscinvbit

Memory: 4k page, physical 4088172k(2041072k free), swap 4809068k(2514420k free)

vm_info: Java HotSpot(TM) 64-Bit Server VM (25.51-b03) for windows-amd64 JRE (1.8.0_51-b16), built on Jun  8 2015 18:03:07 by "java_re" with MS VC++ 10.0 (VS2010)

time: Thu Aug 27 12:33:39 2015
elapsed time: 3 seconds (0d 0h 0m 3s)

