#
# A fatal error has been detected by the Java Runtime Environment:
#
#  EXCEPTION_ACCESS_VIOLATION (0xc0000005) at pc=0x00000000027c96ba, pid=1404, tid=4780
#
# JRE version: Java(TM) SE Runtime Environment (8.0_51-b16) (build 1.8.0_51-b16)
# Java VM: Java HotSpot(TM) 64-Bit Server VM (25.51-b03 mixed mode windows-amd64 compressed oops)
# Problematic frame:
# v  ~BufferBlob::jni_fast_GetLongField
#
# Failed to write core dump. Minidumps are not enabled by default on client versions of Windows
#
# If you would like to submit a bug report, please visit:
#   http://bugreport.java.com/bugreport/crash.jsp
# The crash happened outside the Java Virtual Machine in native code.
# See problematic frame for where to report the bug.
#

---------------  T H R E A D  ---------------

Current thread (0x0000000002660800):  JavaThread "main" [_thread_in_native, id=4780, stack(0x0000000002560000,0x0000000002660000)]

siginfo: ExceptionCode=0xc0000005, reading address 0x0000000000000000

Registers:
RAX=0x0000000000000042, RBX=0x0000000055660d50, RCX=0x00000000026609f8, RDX=0x0000000000000000
RSP=0x000000000265edb8, RBP=0x000000000265f4e8, RSI=0x0000000000200021, RDI=0x0000000000000000
R8 =0x0000000000000042, R9 =0x0000000000000000, R10=0x0000000000000000, R11=0x000000000265ed90
R12=0x00000000026609f8, R13=0x00000000145bbc50, R14=0x000000000265f510, R15=0x0000000002660800
RIP=0x00000000027c96ba, EFLAGS=0x0000000000010246

Top of Stack: (sp=0x000000000265edb8)
0x000000000265edb8:   0000000180003a3a 000000000001bc51
0x000000000265edc8:   0000000055660d50 000000000265f4e8
0x000000000265edd8:   0000000000000000 0000000000000000
0x000000000265ede8:   0000000000000000 0000000000000000
0x000000000265edf8:   0000000000000000 0000000000000000
0x000000000265ee08:   0000000000000000 0000000000000000
0x000000000265ee18:   00000000551026c3 000000000265ef60
0x000000000265ee28:   0000000002660800 00000000023e8100
0x000000000265ee38:   00000000ffffffff 0000000002660800
0x000000000265ee48:   00000000141c73c0 000000000265f210
0x000000000265ee58:   00000000550e1011 00000000141c73c0
0x000000000265ee68:   000000000265ef60 0000000002660800
0x000000000265ee78:   00000000551026c3 00000000027710e0
0x000000000265ee88:   000000000265f138 0000000000000002
0x000000000265ee98:   0000000002660800 00000000141c73c0
0x000000000265eea8:   0000000002660800 00000000027710e0 

Instructions: (pc=0x00000000027c96ba)
0x00000000027c969a:   00 00 00 00 00 00 44 8b 15 31 16 f0 52 4c 8b ca
0x00000000027c96aa:   41 f6 c2 01 0f 85 2e 00 00 00 4d 33 ca 4d 33 ca
0x00000000027c96ba:   4d 8b 09 4d 8b d8 49 c1 eb 02 4b 8b 04 19 49 bb
0x00000000027c96ca:   d8 ac 6c 55 00 00 00 00 4c 33 d8 4c 33 d8 45 3b 


Register to memory mapping:

RAX=0x0000000000000042 is an unknown value
RBX=0x0000000055660d50 is an unknown value
RCX=0x00000000026609f8 is an unknown value
RDX=0x0000000000000000 is an unknown value
RSP=0x000000000265edb8 is pointing into the stack for thread: 0x0000000002660800
RBP=0x000000000265f4e8 is pointing into the stack for thread: 0x0000000002660800
RSI=0x0000000000200021 is an unknown value
RDI=0x0000000000000000 is an unknown value
R8 =0x0000000000000042 is an unknown value
R9 =0x0000000000000000 is an unknown value
R10=0x0000000000000000 is an unknown value
R11=0x000000000265ed90 is pointing into the stack for thread: 0x0000000002660800
R12=0x00000000026609f8 is an unknown value
R13={method} {0x00000000145bbc58} 'writePacket' '(Ljpcap/packet/Packet;)V' in 'jpcap/JpcapWriter'
R14=0x000000000265f510 is pointing into the stack for thread: 0x0000000002660800
R15=0x0000000002660800 is a thread


Stack: [0x0000000002560000,0x0000000002660000],  sp=0x000000000265edb8,  free space=1019k
Native frames: (J=compiled Java code, j=interpreted, Vv=VM code, C=native code)
C  0x00000000027c96ba

Java frames: (J=compiled Java code, j=interpreted, Vv=VM code)
j  jpcap.JpcapWriter.writePacket(Ljpcap/packet/Packet;)V+0
j  jpcap.jpcap_PacketContents.main([Ljava/lang/String;)V+136
v  ~StubRoutines::call_stub

---------------  P R O C E S S  ---------------

Java Threads: ( => current thread )
  0x000000000275e000 JavaThread "Service Thread" daemon [_thread_blocked, id=6004, stack(0x0000000015c40000,0x0000000015d40000)]
  0x0000000014b10000 JavaThread "C1 CompilerThread1" daemon [_thread_blocked, id=1732, stack(0x0000000015b40000,0x0000000015c40000)]
  0x0000000014b0e000 JavaThread "C2 CompilerThread0" daemon [_thread_blocked, id=2812, stack(0x0000000015a40000,0x0000000015b40000)]
  0x0000000014b0c800 JavaThread "Attach Listener" daemon [_thread_blocked, id=2108, stack(0x0000000015940000,0x0000000015a40000)]
  0x0000000014b09000 JavaThread "Signal Dispatcher" daemon [_thread_blocked, id=1496, stack(0x0000000015840000,0x0000000015940000)]
  0x000000000274d000 JavaThread "Finalizer" daemon [_thread_blocked, id=4596, stack(0x0000000015740000,0x0000000015840000)]
  0x000000000274a800 JavaThread "Reference Handler" daemon [_thread_blocked, id=2456, stack(0x0000000015640000,0x0000000015740000)]
=>0x0000000002660800 JavaThread "main" [_thread_in_native, id=4780, stack(0x0000000002560000,0x0000000002660000)]

Other Threads:
  0x0000000014ad5000 VMThread [stack: 0x0000000015540000,0x0000000015640000] [id=4736]
  0x0000000014b6c000 WatcherThread [stack: 0x0000000015d40000,0x0000000015e40000] [id=5952]

VM state:not at safepoint (normal execution)

VM Mutex/Monitor currently owned by a thread: None

Heap:
 PSYoungGen      total 18944K, used 1313K [0x00000000eb300000, 0x00000000ec800000, 0x0000000100000000)
  eden space 16384K, 8% used [0x00000000eb300000,0x00000000eb448748,0x00000000ec300000)
  from space 2560K, 0% used [0x00000000ec580000,0x00000000ec580000,0x00000000ec800000)
  to   space 2560K, 0% used [0x00000000ec300000,0x00000000ec300000,0x00000000ec580000)
 ParOldGen       total 44032K, used 0K [0x00000000c1800000, 0x00000000c4300000, 0x00000000eb300000)
  object space 44032K, 0% used [0x00000000c1800000,0x00000000c1800000,0x00000000c4300000)
 Metaspace       used 2995K, capacity 4606K, committed 4864K, reserved 1056768K
  class space    used 331K, capacity 426K, committed 512K, reserved 1048576K

Card table byte_map: [0x0000000011b20000,0x0000000011d20000] byte_map_base: 0x0000000011514000

Marking Bits: (ParMarkBitMap*) 0x00000000556d4040
 Begin Bits: [0x0000000012070000, 0x0000000013010000)
 End Bits:   [0x0000000013010000, 0x0000000013fb0000)

Polling page: 0x0000000000950000

CodeCache: size=245760Kb used=1175Kb max_used=1175Kb free=244584Kb
 bounds [0x0000000002760000, 0x00000000029d0000, 0x0000000011760000]
 total_blobs=311 nmethods=57 adapters=168
 compilation: enabled

Compilation events (10 events):
Event: 0.687 Thread 0x0000000014b10000   53       1       java.net.URL::getHost (5 bytes)
Event: 0.687 Thread 0x0000000014b10000 nmethod 53 0x0000000002884d90 code [0x0000000002884ee0, 0x0000000002884ff0]
Event: 0.689 Thread 0x0000000014b10000   54       1       java.nio.Buffer::position (5 bytes)
Event: 0.690 Thread 0x0000000014b10000 nmethod 54 0x0000000002885290 code [0x00000000028853e0, 0x00000000028854f0]
Event: 0.700 Thread 0x0000000014b10000   55       3       java.lang.Character::toLowerCase (6 bytes)
Event: 0.700 Thread 0x0000000014b10000 nmethod 55 0x0000000002885550 code [0x00000000028856c0, 0x0000000002885958]
Event: 0.701 Thread 0x0000000014b10000   56       1       java.lang.String::length (6 bytes)
Event: 0.701 Thread 0x0000000014b10000 nmethod 56 0x0000000002885a90 code [0x0000000002885be0, 0x0000000002885cf0]
Event: 0.701 Thread 0x0000000014b10000   57       1       java.io.File::getPath (5 bytes)
Event: 0.701 Thread 0x0000000014b10000 nmethod 57 0x0000000002885d90 code [0x0000000002885ee0, 0x0000000002885ff0]

GC Heap History (0 events):
No events

Deoptimization events (0 events):
No events

Internal exceptions (3 events):
Event: 0.064 Thread 0x0000000002660800 Exception <a 'java/lang/NoSuchMethodError': Method sun.misc.Unsafe.defineClass(Ljava/lang/String;[BII)Ljava/lang/Class; name or signature does not match> (0x00000000eb30d0f0) thrown at [C:\re\workspace\8-2-build-windows-amd64-cygwin\jdk8u51\3951\hotspot\sr-‡9sçá∞?
Event: 0.065 Thread 0x0000000002660800 Exception <a 'java/lang/NoSuchMethodError': Method sun.misc.Unsafe.prefetchRead(Ljava/lang/Object;J)V name or signature does not match> (0x00000000eb30d380) thrown at [C:\re\workspace\8-2-build-windows-amd64-cygwin\jdk8u51\3951\hotspot\src\share\vm\prims\jÉôcñ¿Ê?
Event: 0.688 Thread 0x0000000002660800 Exception <a 'java/lang/NoSuchMethodError': setRoutingOption> (0x00000000eb418c98) thrown at [C:\re\workspace\8-2-build-windows-amd64-cygwin\jdk8u51\3951\hotspot\src\share\vm\prims\jni.cpp, line 1566]

Events (10 events):
Event: 0.688 loading class java/lang/Throwable$WrappedPrintStream
Event: 0.688 loading class java/lang/Throwable$PrintStreamOrWriter
Event: 0.688 loading class java/lang/Throwable$PrintStreamOrWriter done
Event: 0.688 loading class java/lang/Throwable$WrappedPrintStream done
Event: 0.688 loading class java/util/IdentityHashMap
Event: 0.689 loading class java/util/IdentityHashMap done
Event: 0.689 loading class java/util/IdentityHashMap$KeySet
Event: 0.689 loading class java/util/IdentityHashMap$KeySet done
Event: 0.700 loading class jpcap/JpcapWriter
Event: 0.700 loading class jpcap/JpcapWriter done


Dynamic libraries:
0x00007ff6cb610000 - 0x00007ff6cb647000 	C:\Program Files\Java\jdk1.8.0_51\bin\java.exe
0x00007ffd7d900000 - 0x00007ffd7dac1000 	C:\Windows\SYSTEM32\ntdll.dll
0x00007ffd7cd90000 - 0x00007ffd7ce3d000 	C:\Windows\system32\KERNEL32.DLL
0x00007ffd7abd0000 - 0x00007ffd7adad000 	C:\Windows\system32\KERNELBASE.dll
0x00007ffd7d4b0000 - 0x00007ffd7d556000 	C:\Windows\system32\ADVAPI32.dll
0x00007ffd7d1b0000 - 0x00007ffd7d24d000 	C:\Windows\system32\msvcrt.dll
0x00007ffd7c9a0000 - 0x00007ffd7c9fb000 	C:\Windows\system32\sechost.dll
0x00007ffd7ceb0000 - 0x00007ffd7cfd6000 	C:\Windows\system32\RPCRT4.dll
0x00007ffd7d360000 - 0x00007ffd7d4ae000 	C:\Windows\system32\USER32.dll
0x00007ffd7d560000 - 0x00007ffd7d6e6000 	C:\Windows\system32\GDI32.dll
0x00007ffd705f0000 - 0x00007ffd70864000 	C:\Windows\WinSxS\amd64_microsoft.windows.common-controls_6595b64144ccf1df_6.0.10240.16384_none_f41f7b285750ef43\COMCTL32.dll
0x00007ffd7d710000 - 0x00007ffd7d746000 	C:\Windows\system32\IMM32.DLL
0x00007ffd7cbd0000 - 0x00007ffd7cd2c000 	C:\Windows\system32\MSCTF.dll
0x0000000054df0000 - 0x0000000054ec2000 	C:\Program Files\Java\jdk1.8.0_51\jre\bin\msvcr100.dll
0x0000000054ed0000 - 0x0000000055753000 	C:\Program Files\Java\jdk1.8.0_51\jre\bin\server\jvm.dll
0x00007ffd7cbb0000 - 0x00007ffd7cbb8000 	C:\Windows\system32\PSAPI.DLL
0x00007ffd5c250000 - 0x00007ffd5c259000 	C:\Windows\SYSTEM32\WSOCK32.dll
0x00007ffd7ce40000 - 0x00007ffd7cea9000 	C:\Windows\system32\WS2_32.dll
0x00007ffd7c990000 - 0x00007ffd7c998000 	C:\Windows\system32\NSI.dll
0x00007ffd78980000 - 0x00007ffd789a3000 	C:\Windows\SYSTEM32\WINMM.dll
0x00007ffd704a0000 - 0x00007ffd704aa000 	C:\Windows\SYSTEM32\VERSION.dll
0x00007ffd78950000 - 0x00007ffd7897c000 	C:\Windows\SYSTEM32\WINMMBASE.dll
0x00007ffd7ae70000 - 0x00007ffd7aeb4000 	C:\Windows\system32\cfgmgr32.dll
0x00007ffd78c00000 - 0x00007ffd78c27000 	C:\Windows\SYSTEM32\DEVOBJ.dll
0x0000000054da0000 - 0x0000000054daf000 	C:\Program Files\Java\jdk1.8.0_51\jre\bin\verify.dll
0x0000000054d70000 - 0x0000000054d99000 	C:\Program Files\Java\jdk1.8.0_51\jre\bin\java.dll
0x0000000054d50000 - 0x0000000054d66000 	C:\Program Files\Java\jdk1.8.0_51\jre\bin\zip.dll
0x00007ffd7b250000 - 0x00007ffd7c772000 	C:\Windows\system32\SHELL32.dll
0x00007ffd7a5a0000 - 0x00007ffd7abc9000 	C:\Windows\system32\windows.storage.dll
0x00007ffd7afd0000 - 0x00007ffd7b24c000 	C:\Windows\system32\combase.dll
0x00007ffd7d250000 - 0x00007ffd7d2a1000 	C:\Windows\system32\shlwapi.dll
0x00007ffd7a380000 - 0x00007ffd7a38f000 	C:\Windows\system32\kernel.appcore.dll
0x00007ffd7adb0000 - 0x00007ffd7ae63000 	C:\Windows\system32\shcore.dll
0x00007ffd7a330000 - 0x00007ffd7a37a000 	C:\Windows\system32\powrprof.dll
0x00007ffd7a390000 - 0x00007ffd7a3a3000 	C:\Windows\system32\profapi.dll
0x0000000180000000 - 0x000000018002d000 	C:\Windows\System32\Jpcap.dll
0x00007ffd76440000 - 0x00007ffd76478000 	C:\Windows\SYSTEM32\iphlpapi.dll
0x0000000002320000 - 0x0000000002385000 	C:\Windows\SYSTEM32\wpcap.dll
0x00007ffd76430000 - 0x00007ffd7643b000 	C:\Windows\SYSTEM32\WINNSI.DLL
0x0000000000bc0000 - 0x0000000000bdf000 	C:\Windows\SYSTEM32\packet.dll
0x00007ffd74240000 - 0x00007ffd74256000 	C:\Windows\SYSTEM32\dhcpcsvc6.DLL
0x00007ffd744a0000 - 0x00007ffd744ba000 	C:\Windows\SYSTEM32\dhcpcsvc.DLL
0x0000000054d30000 - 0x0000000054d4a000 	C:\Program Files\Java\jdk1.8.0_51\jre\bin\net.dll
0x00007ffd79b40000 - 0x00007ffd79b9d000 	C:\Windows\system32\mswsock.dll
0x00007ffd6b020000 - 0x00007ffd6b1aa000 	C:\Windows\SYSTEM32\dbghelp.dll

VM Arguments:
jvm_args: -Dfile.encoding=UTF-8 
java_command: jpcap.jpcap_PacketContents
java_class_path (initial): C:\Windows\Sun\Java\lib\ext\jpcap.jar;C:\Users\home\Documents\NetBeansProjects\jpcap\build\classes
Launcher Type: SUN_STANDARD

Environment Variables:
PATH=C:\ProgramData\Oracle\Java\javapath;C:\Windows\system32;C:\Windows;C:\Windows\System32\Wbem;C:\Windows\System32\WindowsPowerShell\v1.0\
USERNAME=home
OS=Windows_NT
PROCESSOR_IDENTIFIER=Intel64 Family 6 Model 42 Stepping 7, GenuineIntel



---------------  S Y S T E M  ---------------

OS: Windows 10.0 , 64 bit Build 10240 (10.0.10240.16384)

CPU:total 2 (2 cores per cpu, 1 threads per core) family 6 model 42 stepping 7, cmov, cx8, fxsr, mmx, sse, sse2, sse3, ssse3, sse4.1, sse4.2, popcnt, clmul, tsc, tscinvbit

Memory: 4k page, physical 4088172k(1620872k free), swap 4809068k(1707048k free)

vm_info: Java HotSpot(TM) 64-Bit Server VM (25.51-b03) for windows-amd64 JRE (1.8.0_51-b16), built on Jun  8 2015 18:03:07 by "java_re" with MS VC++ 10.0 (VS2010)

time: Fri Aug 28 20:42:25 2015
elapsed time: 0 seconds (0d 0h 0m 0s)

