#
# A fatal error has been detected by the Java Runtime Environment:
#
#  EXCEPTION_ACCESS_VIOLATION (0xc0000005) at pc=0x00000000028b96ba, pid=3772, tid=976
#
# JRE version: Java(TM) SE Runtime Environment (8.0_51-b16) (build 1.8.0_51-b16)
# Java VM: Java HotSpot(TM) 64-Bit Server VM (25.51-b03 mixed mode windows-amd64 compressed oops)
# Problematic frame:
# v  ~BufferBlob::jni_fast_GetLongField
#
# Failed to write core dump. Minidumps are not enabled by default on client versions of Windows
#
# If you would like to submit a bug report, please visit:
#   http://bugreport.java.com/bugreport/crash.jsp
# The crash happened outside the Java Virtual Machine in native code.
# See problematic frame for where to report the bug.
#

---------------  T H R E A D  ---------------

Current thread (0x0000000002750800):  JavaThread "main" [_thread_in_native, id=976, stack(0x0000000000d60000,0x0000000000e60000)]

siginfo: ExceptionCode=0xc0000005, reading address 0x0000000000000000

Registers:
RAX=0x0000000000000042, RBX=0x0000000055660d50, RCX=0x00000000027509f8, RDX=0x0000000000000000
RSP=0x0000000000e5ecd8, RBP=0x0000000000e5f408, RSI=0x0000000000200021, RDI=0x0000000000000000
R8 =0x0000000000000042, R9 =0x0000000000000000, R10=0x0000000000000000, R11=0x0000000000e5ecb0
R12=0x00000000027509f8, R13=0x00000000146abc50, R14=0x0000000000e5f430, R15=0x0000000002750800
RIP=0x00000000028b96ba, EFLAGS=0x0000000000010246

Top of Stack: (sp=0x0000000000e5ecd8)
0x0000000000e5ecd8:   0000000180003a3a 000000000001bc51
0x0000000000e5ece8:   0000000055660d50 0000000000e5f408
0x0000000000e5ecf8:   0000000000000000 0000000000000000
0x0000000000e5ed08:   0000000000000000 0000000000000000
0x0000000000e5ed18:   0000000000000000 0000000000000000
0x0000000000e5ed28:   0000000000000000 0000000000000000
0x0000000000e5ed38:   00000000551026c3 0000000000e5ee80
0x0000000000e5ed48:   0000000002750800 0000000000d58460
0x0000000000e5ed58:   00000000ffffffff 0000000002750800
0x0000000000e5ed68:   00000000142b73c0 0000000000e5f130
0x0000000000e5ed78:   00000000550e1011 00000000142b73c0
0x0000000000e5ed88:   0000000000e5ee80 0000000002750800
0x0000000000e5ed98:   00000000551026c3 00000000028610e0
0x0000000000e5eda8:   0000000000e5f058 0000000000000002
0x0000000000e5edb8:   0000000002750800 00000000142b73c0
0x0000000000e5edc8:   0000000002750800 00000000028610e0 

Instructions: (pc=0x00000000028b96ba)
0x00000000028b969a:   00 00 00 00 00 00 44 8b 15 31 16 e1 52 4c 8b ca
0x00000000028b96aa:   41 f6 c2 01 0f 85 2e 00 00 00 4d 33 ca 4d 33 ca
0x00000000028b96ba:   4d 8b 09 4d 8b d8 49 c1 eb 02 4b 8b 04 19 49 bb
0x00000000028b96ca:   d8 ac 6c 55 00 00 00 00 4c 33 d8 4c 33 d8 45 3b 


Register to memory mapping:

RAX=0x0000000000000042 is an unknown value
RBX=0x0000000055660d50 is an unknown value
RCX=0x00000000027509f8 is an unknown value
RDX=0x0000000000000000 is an unknown value
RSP=0x0000000000e5ecd8 is pointing into the stack for thread: 0x0000000002750800
RBP=0x0000000000e5f408 is pointing into the stack for thread: 0x0000000002750800
RSI=0x0000000000200021 is an unknown value
RDI=0x0000000000000000 is an unknown value
R8 =0x0000000000000042 is an unknown value
R9 =0x0000000000000000 is an unknown value
R10=0x0000000000000000 is an unknown value
R11=0x0000000000e5ecb0 is pointing into the stack for thread: 0x0000000002750800
R12=0x00000000027509f8 is an unknown value
R13={method} {0x00000000146abc58} 'writePacket' '(Ljpcap/packet/Packet;)V' in 'jpcap/JpcapWriter'
R14=0x0000000000e5f430 is pointing into the stack for thread: 0x0000000002750800
R15=0x0000000002750800 is a thread


Stack: [0x0000000000d60000,0x0000000000e60000],  sp=0x0000000000e5ecd8,  free space=1019k
Native frames: (J=compiled Java code, j=interpreted, Vv=VM code, C=native code)
C  0x00000000028b96ba

Java frames: (J=compiled Java code, j=interpreted, Vv=VM code)
j  jpcap.JpcapWriter.writePacket(Ljpcap/packet/Packet;)V+0
j  jpcap.jpcap_PacketContents.main([Ljava/lang/String;)V+135
v  ~StubRoutines::call_stub

---------------  P R O C E S S  ---------------

Java Threads: ( => current thread )
  0x0000000014c71000 JavaThread "Service Thread" daemon [_thread_blocked, id=5196, stack(0x0000000015d40000,0x0000000015e40000)]
  0x0000000014bfb800 JavaThread "C1 CompilerThread1" daemon [_thread_blocked, id=5220, stack(0x0000000015c40000,0x0000000015d40000)]
  0x0000000014bf8800 JavaThread "C2 CompilerThread0" daemon [_thread_blocked, id=5204, stack(0x0000000015b40000,0x0000000015c40000)]
  0x0000000014bf7000 JavaThread "Attach Listener" daemon [_thread_blocked, id=3104, stack(0x0000000015a40000,0x0000000015b40000)]
  0x0000000014bf4000 JavaThread "Signal Dispatcher" daemon [_thread_blocked, id=5928, stack(0x0000000015940000,0x0000000015a40000)]
  0x000000000283c800 JavaThread "Finalizer" daemon [_thread_blocked, id=1088, stack(0x0000000015840000,0x0000000015940000)]
  0x000000000283a000 JavaThread "Reference Handler" daemon [_thread_blocked, id=5848, stack(0x0000000015740000,0x0000000015840000)]
=>0x0000000002750800 JavaThread "main" [_thread_in_native, id=976, stack(0x0000000000d60000,0x0000000000e60000)]

Other Threads:
  0x0000000014bc5800 VMThread [stack: 0x0000000015640000,0x0000000015740000] [id=2172]
  0x0000000014c0d000 WatcherThread [stack: 0x0000000015e40000,0x0000000015f40000] [id=5796]

VM state:not at safepoint (normal execution)

VM Mutex/Monitor currently owned by a thread: None

Heap:
 PSYoungGen      total 18944K, used 1641K [0x00000000eb300000, 0x00000000ec800000, 0x0000000100000000)
  eden space 16384K, 10% used [0x00000000eb300000,0x00000000eb49a6b0,0x00000000ec300000)
  from space 2560K, 0% used [0x00000000ec580000,0x00000000ec580000,0x00000000ec800000)
  to   space 2560K, 0% used [0x00000000ec300000,0x00000000ec300000,0x00000000ec580000)
 ParOldGen       total 44032K, used 0K [0x00000000c1800000, 0x00000000c4300000, 0x00000000eb300000)
  object space 44032K, 0% used [0x00000000c1800000,0x00000000c1800000,0x00000000c4300000)
 Metaspace       used 2995K, capacity 4606K, committed 4864K, reserved 1056768K
  class space    used 331K, capacity 426K, committed 512K, reserved 1048576K

Card table byte_map: [0x0000000011c10000,0x0000000011e10000] byte_map_base: 0x0000000011604000

Marking Bits: (ParMarkBitMap*) 0x00000000556d4040
 Begin Bits: [0x0000000012160000, 0x0000000013100000)
 End Bits:   [0x0000000013100000, 0x00000000140a0000)

Polling page: 0x0000000002690000

CodeCache: size=245760Kb used=1177Kb max_used=1177Kb free=244582Kb
 bounds [0x0000000002850000, 0x0000000002ac0000, 0x0000000011850000]
 total_blobs=313 nmethods=59 adapters=168
 compilation: enabled

Compilation events (10 events):
Event: 0.594 Thread 0x0000000014bfb800   55       1       java.net.URL::getHost (5 bytes)
Event: 0.594 Thread 0x0000000014bfb800 nmethod 55 0x0000000002975790 code [0x00000000029758e0, 0x00000000029759f0]
Event: 0.608 Thread 0x0000000014bfb800   56       1       java.nio.Buffer::position (5 bytes)
Event: 0.608 Thread 0x0000000014bfb800 nmethod 56 0x0000000002975c90 code [0x0000000002975de0, 0x0000000002975ef0]
Event: 0.625 Thread 0x0000000014bfb800   57       3       java.lang.Character::toLowerCase (6 bytes)
Event: 0.625 Thread 0x0000000014bfb800 nmethod 57 0x0000000002975f50 code [0x00000000029760c0, 0x0000000002976358]
Event: 0.626 Thread 0x0000000014bfb800   58       1       java.lang.String::length (6 bytes)
Event: 0.626 Thread 0x0000000014bfb800 nmethod 58 0x0000000002976490 code [0x00000000029765e0, 0x00000000029766f0]
Event: 0.626 Thread 0x0000000014bfb800   59       1       java.io.File::getPath (5 bytes)
Event: 0.626 Thread 0x0000000014bfb800 nmethod 59 0x0000000002976790 code [0x00000000029768e0, 0x00000000029769f0]

GC Heap History (0 events):
No events

Deoptimization events (0 events):
No events

Internal exceptions (3 events):
Event: 0.182 Thread 0x0000000002750800 Exception <a 'java/lang/NoSuchMethodError': Method sun.misc.Unsafe.defineClass(Ljava/lang/String;[BII)Ljava/lang/Class; name or signature does not match> (0x00000000eb30cf70) thrown at [C:\re\workspace\8-2-build-windows-amd64-cygwin\jdk8u51\3951\hotspot\sre± ˆç?Ç?
Event: 0.182 Thread 0x0000000002750800 Exception <a 'java/lang/NoSuchMethodError': Method sun.misc.Unsafe.prefetchRead(Ljava/lang/Object;J)V name or signature does not match> (0x00000000eb30d200) thrown at [C:\re\workspace\8-2-build-windows-amd64-cygwin\jdk8u51\3951\hotspot\src\share\vm\prims\j³±Oøã?
Event: 0.595 Thread 0x0000000002750800 Exception <a 'java/lang/NoSuchMethodError': setRoutingOption> (0x00000000eb46ac00) thrown at [C:\re\workspace\8-2-build-windows-amd64-cygwin\jdk8u51\3951\hotspot\src\share\vm\prims\jni.cpp, line 1566]

Events (10 events):
Event: 0.595 loading class java/lang/Throwable$WrappedPrintStream
Event: 0.595 loading class java/lang/Throwable$PrintStreamOrWriter
Event: 0.595 loading class java/lang/Throwable$PrintStreamOrWriter done
Event: 0.595 loading class java/lang/Throwable$WrappedPrintStream done
Event: 0.595 loading class java/util/IdentityHashMap
Event: 0.595 loading class java/util/IdentityHashMap done
Event: 0.595 loading class java/util/IdentityHashMap$KeySet
Event: 0.596 loading class java/util/IdentityHashMap$KeySet done
Event: 0.624 loading class jpcap/JpcapWriter
Event: 0.624 loading class jpcap/JpcapWriter done


Dynamic libraries:
0x00007ff6cb610000 - 0x00007ff6cb647000 	C:\Program Files\Java\jdk1.8.0_51\bin\java.exe
0x00007ffd7d900000 - 0x00007ffd7dac1000 	C:\Windows\SYSTEM32\ntdll.dll
0x00007ffd7cd90000 - 0x00007ffd7ce3d000 	C:\Windows\system32\KERNEL32.DLL
0x00007ffd7abd0000 - 0x00007ffd7adad000 	C:\Windows\system32\KERNELBASE.dll
0x00007ffd7d4b0000 - 0x00007ffd7d556000 	C:\Windows\system32\ADVAPI32.dll
0x00007ffd7d1b0000 - 0x00007ffd7d24d000 	C:\Windows\system32\msvcrt.dll
0x00007ffd7c9a0000 - 0x00007ffd7c9fb000 	C:\Windows\system32\sechost.dll
0x00007ffd7ceb0000 - 0x00007ffd7cfd6000 	C:\Windows\system32\RPCRT4.dll
0x00007ffd7d360000 - 0x00007ffd7d4ae000 	C:\Windows\system32\USER32.dll
0x00007ffd7d560000 - 0x00007ffd7d6e6000 	C:\Windows\system32\GDI32.dll
0x00007ffd705f0000 - 0x00007ffd70864000 	C:\Windows\WinSxS\amd64_microsoft.windows.common-controls_6595b64144ccf1df_6.0.10240.16384_none_f41f7b285750ef43\COMCTL32.dll
0x00007ffd7d710000 - 0x00007ffd7d746000 	C:\Windows\system32\IMM32.DLL
0x00007ffd7cbd0000 - 0x00007ffd7cd2c000 	C:\Windows\system32\MSCTF.dll
0x0000000054df0000 - 0x0000000054ec2000 	C:\Program Files\Java\jdk1.8.0_51\jre\bin\msvcr100.dll
0x0000000054ed0000 - 0x0000000055753000 	C:\Program Files\Java\jdk1.8.0_51\jre\bin\server\jvm.dll
0x00007ffd7cbb0000 - 0x00007ffd7cbb8000 	C:\Windows\system32\PSAPI.DLL
0x00007ffd5c250000 - 0x00007ffd5c259000 	C:\Windows\SYSTEM32\WSOCK32.dll
0x00007ffd7ce40000 - 0x00007ffd7cea9000 	C:\Windows\system32\WS2_32.dll
0x00007ffd7c990000 - 0x00007ffd7c998000 	C:\Windows\system32\NSI.dll
0x00007ffd78980000 - 0x00007ffd789a3000 	C:\Windows\SYSTEM32\WINMM.dll
0x00007ffd704a0000 - 0x00007ffd704aa000 	C:\Windows\SYSTEM32\VERSION.dll
0x00007ffd78950000 - 0x00007ffd7897c000 	C:\Windows\SYSTEM32\WINMMBASE.dll
0x00007ffd7ae70000 - 0x00007ffd7aeb4000 	C:\Windows\system32\cfgmgr32.dll
0x00007ffd78c00000 - 0x00007ffd78c27000 	C:\Windows\SYSTEM32\DEVOBJ.dll
0x0000000054da0000 - 0x0000000054daf000 	C:\Program Files\Java\jdk1.8.0_51\jre\bin\verify.dll
0x0000000054d70000 - 0x0000000054d99000 	C:\Program Files\Java\jdk1.8.0_51\jre\bin\java.dll
0x0000000054d50000 - 0x0000000054d66000 	C:\Program Files\Java\jdk1.8.0_51\jre\bin\zip.dll
0x00007ffd7b250000 - 0x00007ffd7c772000 	C:\Windows\system32\SHELL32.dll
0x00007ffd7a5a0000 - 0x00007ffd7abc9000 	C:\Windows\system32\windows.storage.dll
0x00007ffd7afd0000 - 0x00007ffd7b24c000 	C:\Windows\system32\combase.dll
0x00007ffd7d250000 - 0x00007ffd7d2a1000 	C:\Windows\system32\shlwapi.dll
0x00007ffd7a380000 - 0x00007ffd7a38f000 	C:\Windows\system32\kernel.appcore.dll
0x00007ffd7adb0000 - 0x00007ffd7ae63000 	C:\Windows\system32\shcore.dll
0x00007ffd7a330000 - 0x00007ffd7a37a000 	C:\Windows\system32\powrprof.dll
0x00007ffd7a390000 - 0x00007ffd7a3a3000 	C:\Windows\system32\profapi.dll
0x0000000180000000 - 0x000000018002d000 	C:\Windows\System32\Jpcap.dll
0x00007ffd76440000 - 0x00007ffd76478000 	C:\Windows\SYSTEM32\iphlpapi.dll
0x0000000016340000 - 0x00000000163a5000 	C:\Windows\SYSTEM32\wpcap.dll
0x00007ffd76430000 - 0x00007ffd7643b000 	C:\Windows\SYSTEM32\WINNSI.DLL
0x0000000002700000 - 0x000000000271f000 	C:\Windows\SYSTEM32\packet.dll
0x00007ffd74240000 - 0x00007ffd74256000 	C:\Windows\SYSTEM32\dhcpcsvc6.DLL
0x00007ffd744a0000 - 0x00007ffd744ba000 	C:\Windows\SYSTEM32\dhcpcsvc.DLL
0x0000000054d30000 - 0x0000000054d4a000 	C:\Program Files\Java\jdk1.8.0_51\jre\bin\net.dll
0x00007ffd79b40000 - 0x00007ffd79b9d000 	C:\Windows\system32\mswsock.dll
0x00007ffd6b020000 - 0x00007ffd6b1aa000 	C:\Windows\SYSTEM32\dbghelp.dll

VM Arguments:
jvm_args: -Dfile.encoding=UTF-8 
java_command: jpcap.jpcap_PacketContents
java_class_path (initial): C:\Windows\Sun\Java\lib\ext\jpcap.jar;C:\Users\home\Documents\NetBeansProjects\jpcap\build\classes
Launcher Type: SUN_STANDARD

Environment Variables:
PATH=C:\ProgramData\Oracle\Java\javapath;C:\Windows\system32;C:\Windows;C:\Windows\System32\Wbem;C:\Windows\System32\WindowsPowerShell\v1.0\
USERNAME=home
OS=Windows_NT
PROCESSOR_IDENTIFIER=Intel64 Family 6 Model 42 Stepping 7, GenuineIntel



---------------  S Y S T E M  ---------------

OS: Windows 10.0 , 64 bit Build 10240 (10.0.10240.16384)

CPU:total 2 (2 cores per cpu, 1 threads per core) family 6 model 42 stepping 7, cmov, cx8, fxsr, mmx, sse, sse2, sse3, ssse3, sse4.1, sse4.2, popcnt, clmul, tsc, tscinvbit

Memory: 4k page, physical 4088172k(1668760k free), swap 4809068k(1924812k free)

vm_info: Java HotSpot(TM) 64-Bit Server VM (25.51-b03) for windows-amd64 JRE (1.8.0_51-b16), built on Jun  8 2015 18:03:07 by "java_re" with MS VC++ 10.0 (VS2010)

time: Fri Aug 28 20:41:58 2015
elapsed time: 0 seconds (0d 0h 0m 0s)

