#
# A fatal error has been detected by the Java Runtime Environment:
#
#  EXCEPTION_ACCESS_VIOLATION (0xc0000005) at pc=0x0000000002de96ba, pid=1100, tid=1976
#
# JRE version: Java(TM) SE Runtime Environment (8.0_51-b16) (build 1.8.0_51-b16)
# Java VM: Java HotSpot(TM) 64-Bit Server VM (25.51-b03 mixed mode windows-amd64 compressed oops)
# Problematic frame:
# v  ~BufferBlob::jni_fast_GetLongField
#
# Failed to write core dump. Minidumps are not enabled by default on client versions of Windows
#
# If you would like to submit a bug report, please visit:
#   http://bugreport.java.com/bugreport/crash.jsp
# The crash happened outside the Java Virtual Machine in native code.
# See problematic frame for where to report the bug.
#

---------------  T H R E A D  ---------------

Current thread (0x0000000002c80800):  JavaThread "main" [_thread_in_native, id=1976, stack(0x0000000002a60000,0x0000000002b60000)]

siginfo: ExceptionCode=0xc0000005, reading address 0x0000000000000000

Registers:
RAX=0x0000000000000042, RBX=0x000000006bb20d50, RCX=0x0000000002c809f8, RDX=0x0000000000000000
RSP=0x0000000002b5ec18, RBP=0x0000000002b5f348, RSI=0x0000000000000001, RDI=0x0000000000000000
R8 =0x0000000000000042, R9 =0x0000000000000000, R10=0x0000000000000004, R11=0x0000000002b5ebf0
R12=0x0000000002c809f8, R13=0x0000000014bdbc70, R14=0x0000000002b5f370, R15=0x0000000002c80800
RIP=0x0000000002de96ba, EFLAGS=0x0000000000010246

Top of Stack: (sp=0x0000000002b5ec18)
0x0000000002b5ec18:   0000000180003a3a 000000000001bc51
0x0000000002b5ec28:   000000006bb20d50 0000000002b5f348
0x0000000002b5ec38:   0000000000000000 0000000000000000
0x0000000002b5ec48:   0000000000000000 0000000000000000
0x0000000002b5ec58:   0000000000000000 0000000000000000
0x0000000002b5ec68:   0000000000000000 0000000000000000
0x0000000002b5ec78:   000000006b5c26c3 0000000002b5edc0
0x0000000002b5ec88:   0000000002c80800 0000000002a586d0
0x0000000002b5ec98:   00000000ffffffff 0000000002c80800
0x0000000002b5eca8:   00000000147e73c0 0000000002b5f070
0x0000000002b5ecb8:   000000006b5a1011 00000000147e73c0
0x0000000002b5ecc8:   0000000002b5edc0 0000000002c80800
0x0000000002b5ecd8:   000000006b5c26c3 0000000002d910e0
0x0000000002b5ece8:   0000000002b5ef98 0000000000000002
0x0000000002b5ecf8:   0000000002c80800 00000000147e73c0
0x0000000002b5ed08:   0000000002c80800 0000000002d910e0 

Instructions: (pc=0x0000000002de96ba)
0x0000000002de969a:   00 00 00 00 00 00 44 8b 15 31 16 da 68 4c 8b ca
0x0000000002de96aa:   41 f6 c2 01 0f 85 2e 00 00 00 4d 33 ca 4d 33 ca
0x0000000002de96ba:   4d 8b 09 4d 8b d8 49 c1 eb 02 4b 8b 04 19 49 bb
0x0000000002de96ca:   d8 ac b8 6b 00 00 00 00 4c 33 d8 4c 33 d8 45 3b 


Register to memory mapping:

RAX=0x0000000000000042 is an unknown value
RBX=0x000000006bb20d50 is an unknown value
RCX=0x0000000002c809f8 is an unknown value
RDX=0x0000000000000000 is an unknown value
RSP=0x0000000002b5ec18 is pointing into the stack for thread: 0x0000000002c80800
RBP=0x0000000002b5f348 is pointing into the stack for thread: 0x0000000002c80800
RSI=0x0000000000000001 is an unknown value
RDI=0x0000000000000000 is an unknown value
R8 =0x0000000000000042 is an unknown value
R9 =0x0000000000000000 is an unknown value
R10=0x0000000000000004 is an unknown value
R11=0x0000000002b5ebf0 is pointing into the stack for thread: 0x0000000002c80800
R12=0x0000000002c809f8 is an unknown value
R13={method} {0x0000000014bdbc78} 'writePacket' '(Ljpcap/packet/Packet;)V' in 'jpcap/JpcapWriter'
R14=0x0000000002b5f370 is pointing into the stack for thread: 0x0000000002c80800
R15=0x0000000002c80800 is a thread


Stack: [0x0000000002a60000,0x0000000002b60000],  sp=0x0000000002b5ec18,  free space=1019k
Native frames: (J=compiled Java code, j=interpreted, Vv=VM code, C=native code)
C  0x0000000002de96ba

Java frames: (J=compiled Java code, j=interpreted, Vv=VM code)
j  jpcap.JpcapWriter.writePacket(Ljpcap/packet/Packet;)V+0
j  jpcap.Jpcap.main([Ljava/lang/String;)V+371
v  ~StubRoutines::call_stub

---------------  P R O C E S S  ---------------

Java Threads: ( => current thread )
  0x0000000015183800 JavaThread "Service Thread" daemon [_thread_blocked, id=636, stack(0x0000000016270000,0x0000000016370000)]
  0x0000000015180000 JavaThread "C1 CompilerThread1" daemon [_thread_blocked, id=896, stack(0x0000000016170000,0x0000000016270000)]
  0x0000000015128800 JavaThread "C2 CompilerThread0" daemon [_thread_blocked, id=5884, stack(0x0000000016070000,0x0000000016170000)]
  0x0000000015127000 JavaThread "Attach Listener" daemon [_thread_blocked, id=4040, stack(0x0000000015f70000,0x0000000016070000)]
  0x0000000015124000 JavaThread "Signal Dispatcher" daemon [_thread_blocked, id=5424, stack(0x0000000015e70000,0x0000000015f70000)]
  0x0000000002d72000 JavaThread "Finalizer" daemon [_thread_blocked, id=4776, stack(0x0000000015d70000,0x0000000015e70000)]
  0x0000000002d69000 JavaThread "Reference Handler" daemon [_thread_blocked, id=3716, stack(0x0000000015c70000,0x0000000015d70000)]
=>0x0000000002c80800 JavaThread "main" [_thread_in_native, id=1976, stack(0x0000000002a60000,0x0000000002b60000)]

Other Threads:
  0x00000000150f5800 VMThread [stack: 0x0000000015b70000,0x0000000015c70000] [id=4372]
  0x0000000015186000 WatcherThread [stack: 0x0000000016370000,0x0000000016470000] [id=1676]

VM state:not at safepoint (normal execution)

VM Mutex/Monitor currently owned by a thread: None

Heap:
 PSYoungGen      total 18944K, used 1641K [0x00000000eb300000, 0x00000000ec800000, 0x0000000100000000)
  eden space 16384K, 10% used [0x00000000eb300000,0x00000000eb49a6a8,0x00000000ec300000)
  from space 2560K, 0% used [0x00000000ec580000,0x00000000ec580000,0x00000000ec800000)
  to   space 2560K, 0% used [0x00000000ec300000,0x00000000ec300000,0x00000000ec580000)
 ParOldGen       total 44032K, used 0K [0x00000000c1800000, 0x00000000c4300000, 0x00000000eb300000)
  object space 44032K, 0% used [0x00000000c1800000,0x00000000c1800000,0x00000000c4300000)
 Metaspace       used 3012K, capacity 4606K, committed 4864K, reserved 1056768K
  class space    used 331K, capacity 426K, committed 512K, reserved 1048576K

Card table byte_map: [0x0000000012140000,0x0000000012340000] byte_map_base: 0x0000000011b34000

Marking Bits: (ParMarkBitMap*) 0x000000006bb94040
 Begin Bits: [0x0000000012690000, 0x0000000013630000)
 End Bits:   [0x0000000013630000, 0x00000000145d0000)

Polling page: 0x00000000011d0000

CodeCache: size=245760Kb used=1248Kb max_used=1248Kb free=244511Kb
 bounds [0x0000000002d80000, 0x0000000002ff0000, 0x0000000011d80000]
 total_blobs=350 nmethods=96 adapters=168
 compilation: enabled

Compilation events (10 events):
Event: 2.628 Thread 0x0000000015180000   92       3       java.nio.HeapCharBuffer::<init> (14 bytes)
Event: 2.629 Thread 0x0000000015180000 nmethod 92 0x0000000002eb5d90 code [0x0000000002eb5f00, 0x0000000002eb6148]
Event: 2.659 Thread 0x0000000015180000   93       3       java.io.Writer::write (11 bytes)
Event: 2.659 Thread 0x0000000015180000 nmethod 93 0x0000000002eb6290 code [0x0000000002eb6400, 0x0000000002eb6708]
Event: 2.659 Thread 0x0000000015180000   94   !   3       java.io.BufferedWriter::write (117 bytes)
Event: 2.661 Thread 0x0000000015180000 nmethod 94 0x0000000002eb6850 code [0x0000000002eb6a20, 0x0000000002eb7188]
Event: 2.661 Thread 0x0000000015180000   95       3       java.io.BufferedWriter::min (9 bytes)
Event: 2.661 Thread 0x0000000015180000 nmethod 95 0x0000000002eb75d0 code [0x0000000002eb7720, 0x0000000002eb78b0]
Event: 2.661 Thread 0x0000000015180000   96   !   3       java.io.BufferedWriter::flushBuffer (53 bytes)
Event: 2.661 Thread 0x0000000015180000 nmethod 96 0x0000000002eb7910 code [0x0000000002eb7ac0, 0x0000000002eb8098]

GC Heap History (0 events):
No events

Deoptimization events (0 events):
No events

Internal exceptions (3 events):
Event: 0.193 Thread 0x0000000002c80800 Exception <a 'java/lang/NoSuchMethodError': Method sun.misc.Unsafe.defineClass(Ljava/lang/String;[BII)Ljava/lang/Class; name or signature does not match> (0x00000000eb30d0d0) thrown at [C:\re\workspace\8-2-build-windows-amd64-cygwin\jdk8u51\3951\hotspot\sròºÀ;9®»?
Event: 0.193 Thread 0x0000000002c80800 Exception <a 'java/lang/NoSuchMethodError': Method sun.misc.Unsafe.prefetchRead(Ljava/lang/Object;J)V name or signature does not match> (0x00000000eb30d360) thrown at [C:\re\workspace\8-2-build-windows-amd64-cygwin\jdk8u51\3951\hotspot\src\share\vm\prims\j÷n2?Hé‰?
Event: 0.642 Thread 0x0000000002c80800 Exception <a 'java/lang/NoSuchMethodError': setRoutingOption> (0x00000000eb41c4d8) thrown at [C:\re\workspace\8-2-build-windows-amd64-cygwin\jdk8u51\3951\hotspot\src\share\vm\prims\jni.cpp, line 1566]

Events (10 events):
Event: 0.642 loading class java/lang/Throwable$WrappedPrintStream
Event: 0.643 loading class java/lang/Throwable$PrintStreamOrWriter
Event: 0.643 loading class java/lang/Throwable$PrintStreamOrWriter done
Event: 0.643 loading class java/lang/Throwable$WrappedPrintStream done
Event: 0.643 loading class java/util/IdentityHashMap
Event: 0.643 loading class java/util/IdentityHashMap done
Event: 0.643 loading class java/util/IdentityHashMap$KeySet
Event: 0.643 loading class java/util/IdentityHashMap$KeySet done
Event: 0.656 loading class jpcap/JpcapWriter
Event: 0.656 loading class jpcap/JpcapWriter done


Dynamic libraries:
0x00007ff7c8860000 - 0x00007ff7c8897000 	C:\Program Files\Java\jdk1.8.0_51\bin\java.exe
0x00007ffc0e7a0000 - 0x00007ffc0e961000 	C:\Windows\SYSTEM32\ntdll.dll
0x00007ffc0cb00000 - 0x00007ffc0cbad000 	C:\Windows\system32\KERNEL32.DLL
0x00007ffc0b320000 - 0x00007ffc0b4fd000 	C:\Windows\system32\KERNELBASE.dll
0x00007ffc0e4f0000 - 0x00007ffc0e596000 	C:\Windows\system32\ADVAPI32.dll
0x00007ffc0e700000 - 0x00007ffc0e79d000 	C:\Windows\system32\msvcrt.dll
0x00007ffc0e2f0000 - 0x00007ffc0e34b000 	C:\Windows\system32\sechost.dll
0x00007ffc0be80000 - 0x00007ffc0bfa6000 	C:\Windows\system32\RPCRT4.dll
0x00007ffc0c490000 - 0x00007ffc0c5de000 	C:\Windows\system32\USER32.dll
0x00007ffc0e0f0000 - 0x00007ffc0e276000 	C:\Windows\system32\GDI32.dll
0x00007ffc02750000 - 0x00007ffc029c4000 	C:\Windows\WinSxS\amd64_microsoft.windows.common-controls_6595b64144ccf1df_6.0.10240.16384_none_f41f7b285750ef43\COMCTL32.dll
0x00007ffc0c380000 - 0x00007ffc0c3b6000 	C:\Windows\system32\IMM32.DLL
0x00007ffc0e5a0000 - 0x00007ffc0e6fc000 	C:\Windows\system32\MSCTF.dll
0x000000006b2b0000 - 0x000000006b382000 	C:\Program Files\Java\jdk1.8.0_51\jre\bin\msvcr100.dll
0x000000006b390000 - 0x000000006bc13000 	C:\Program Files\Java\jdk1.8.0_51\jre\bin\server\jvm.dll
0x00007ffc0be70000 - 0x00007ffc0be78000 	C:\Windows\system32\PSAPI.DLL
0x00007ffc06610000 - 0x00007ffc06619000 	C:\Windows\SYSTEM32\WSOCK32.dll
0x00007ffc0e480000 - 0x00007ffc0e4e9000 	C:\Windows\system32\WS2_32.dll
0x00007ffc0cbb0000 - 0x00007ffc0cbb8000 	C:\Windows\system32\NSI.dll
0x00007ffc09470000 - 0x00007ffc09493000 	C:\Windows\SYSTEM32\WINMM.dll
0x00007ffc02450000 - 0x00007ffc0245a000 	C:\Windows\SYSTEM32\VERSION.dll
0x00007ffc09250000 - 0x00007ffc0927c000 	C:\Windows\SYSTEM32\WINMMBASE.dll
0x00007ffc0b5c0000 - 0x00007ffc0b604000 	C:\Windows\system32\cfgmgr32.dll
0x00007ffc09aa0000 - 0x00007ffc09ac7000 	C:\Windows\SYSTEM32\DEVOBJ.dll
0x000000006b260000 - 0x000000006b26f000 	C:\Program Files\Java\jdk1.8.0_51\jre\bin\verify.dll
0x000000006b230000 - 0x000000006b259000 	C:\Program Files\Java\jdk1.8.0_51\jre\bin\java.dll
0x000000006b210000 - 0x000000006b226000 	C:\Program Files\Java\jdk1.8.0_51\jre\bin\zip.dll
0x00007ffc0cbc0000 - 0x00007ffc0e0e2000 	C:\Windows\system32\SHELL32.dll
0x00007ffc0b670000 - 0x00007ffc0bc99000 	C:\Windows\system32\windows.storage.dll
0x00007ffc0bfb0000 - 0x00007ffc0c22c000 	C:\Windows\system32\combase.dll
0x00007ffc0e280000 - 0x00007ffc0e2d1000 	C:\Windows\system32\shlwapi.dll
0x00007ffc0b1d0000 - 0x00007ffc0b1df000 	C:\Windows\system32\kernel.appcore.dll
0x00007ffc0b500000 - 0x00007ffc0b5b3000 	C:\Windows\system32\shcore.dll
0x00007ffc0b220000 - 0x00007ffc0b26a000 	C:\Windows\system32\powrprof.dll
0x00007ffc0b1e0000 - 0x00007ffc0b1f3000 	C:\Windows\system32\profapi.dll
0x0000000180000000 - 0x000000018002d000 	C:\Windows\System32\Jpcap.dll
0x0000000002990000 - 0x00000000029f5000 	C:\Windows\SYSTEM32\wpcap.dll
0x00007ffc07370000 - 0x00007ffc073a8000 	C:\Windows\SYSTEM32\iphlpapi.dll
0x00007ffc07360000 - 0x00007ffc0736b000 	C:\Windows\SYSTEM32\WINNSI.DLL
0x0000000001240000 - 0x000000000125f000 	C:\Windows\SYSTEM32\packet.dll
0x00007ffc05000000 - 0x00007ffc05016000 	C:\Windows\SYSTEM32\dhcpcsvc6.DLL
0x00007ffc05240000 - 0x00007ffc0525a000 	C:\Windows\SYSTEM32\dhcpcsvc.DLL
0x000000006b1f0000 - 0x000000006b20a000 	C:\Program Files\Java\jdk1.8.0_51\jre\bin\net.dll
0x00007ffc0a9e0000 - 0x00007ffc0aa3d000 	C:\Windows\system32\mswsock.dll
0x00007ffbfca90000 - 0x00007ffbfcc1a000 	C:\Windows\SYSTEM32\dbghelp.dll

VM Arguments:
jvm_args: -Dfile.encoding=UTF-8 
java_command: jpcap.Jpcap
java_class_path (initial): C:\Windows\Sun\Java\lib\ext\jpcap.jar;C:\Users\home\Documents\NetBeansProjects\jpcap\build\classes
Launcher Type: SUN_STANDARD

Environment Variables:
PATH=C:\ProgramData\Oracle\Java\javapath;C:\Windows\system32;C:\Windows;C:\Windows\System32\Wbem;C:\Windows\System32\WindowsPowerShell\v1.0\
USERNAME=home
OS=Windows_NT
PROCESSOR_IDENTIFIER=Intel64 Family 6 Model 42 Stepping 7, GenuineIntel



---------------  S Y S T E M  ---------------

OS: Windows 10.0 , 64 bit Build 10240 (10.0.10240.16384)

CPU:total 2 (2 cores per cpu, 1 threads per core) family 6 model 42 stepping 7, cmov, cx8, fxsr, mmx, sse, sse2, sse3, ssse3, sse4.1, sse4.2, popcnt, clmul, tsc, tscinvbit

Memory: 4k page, physical 4088172k(1806392k free), swap 4809068k(2113768k free)

vm_info: Java HotSpot(TM) 64-Bit Server VM (25.51-b03) for windows-amd64 JRE (1.8.0_51-b16), built on Jun  8 2015 18:03:07 by "java_re" with MS VC++ 10.0 (VS2010)

time: Thu Aug 27 13:55:47 2015
elapsed time: 2 seconds (0d 0h 0m 2s)

